{"/Users/apple/Documents/Project Eybuckz/Eyebucks/components/AnnouncementBanner.tsx": {"path":"/Users/apple/Documents/Project Eybuckz/Eyebucks/components/AnnouncementBanner.tsx","statementMap":{"0":{"start":{"line":9,"column":44},"end":{"line":72,"column":null}},"1":{"start":{"line":10,"column":26},"end":{"line":10,"column":null}},"2":{"start":{"line":11,"column":32},"end":{"line":11,"column":null}},"3":{"start":{"line":13,"column":2},"end":{"line":27,"column":null}},"4":{"start":{"line":14,"column":4},"end":{"line":26,"column":null}},"5":{"start":{"line":15,"column":6},"end":{"line":23,"column":null}},"6":{"start":{"line":16,"column":21},"end":{"line":16,"column":null}},"7":{"start":{"line":17,"column":20},"end":{"line":17,"column":null}},"8":{"start":{"line":18,"column":8},"end":{"line":22,"column":null}},"9":{"start":{"line":19,"column":10},"end":{"line":19,"column":null}},"10":{"start":{"line":21,"column":10},"end":{"line":21,"column":null}},"11":{"start":{"line":25,"column":6},"end":{"line":25,"column":null}},"12":{"start":{"line":29,"column":2},"end":{"line":29,"column":null}},"13":{"start":{"line":29,"column":29},"end":{"line":29,"column":41}},"14":{"start":{"line":31,"column":15},"end":{"line":31,"column":null}},"15":{"start":{"line":32,"column":19},"end":{"line":32,"column":null}},"16":{"start":{"line":33,"column":21},"end":{"line":33,"column":null}},"17":{"start":{"line":34,"column":18},"end":{"line":34,"column":null}},"18":{"start":{"line":35,"column":20},"end":{"line":35,"column":null}},"19":{"start":{"line":36,"column":24},"end":{"line":36,"column":null}},"20":{"start":{"line":38,"column":24},"end":{"line":41,"column":null}},"21":{"start":{"line":39,"column":4},"end":{"line":39,"column":null}},"22":{"start":{"line":40,"column":4},"end":{"line":40,"column":null}},"23":{"start":{"line":43,"column":2},"end":{"line":70,"column":null}}},"fnMap":{"0":{"name":"(anonymous_0)","decl":{"start":{"line":9,"column":44},"end":{"line":9,"column":50}},"loc":{"start":{"line":9,"column":50},"end":{"line":72,"column":null}},"line":9},"1":{"name":"(anonymous_1)","decl":{"start":{"line":13,"column":12},"end":{"line":13,"column":18}},"loc":{"start":{"line":13,"column":18},"end":{"line":27,"column":5}},"line":13},"2":{"name":"(anonymous_2)","decl":{"start":{"line":14,"column":47},"end":{"line":14,"column":56}},"loc":{"start":{"line":14,"column":56},"end":{"line":24,"column":5}},"line":14},"3":{"name":"(anonymous_3)","decl":{"start":{"line":24,"column":13},"end":{"line":24,"column":20}},"loc":{"start":{"line":24,"column":20},"end":{"line":26,"column":5}},"line":24},"4":{"name":"(anonymous_4)","decl":{"start":{"line":38,"column":24},"end":{"line":38,"column":30}},"loc":{"start":{"line":38,"column":30},"end":{"line":41,"column":null}},"line":38}},"branchMap":{"0":{"loc":{"start":{"line":15,"column":6},"end":{"line":23,"column":null}},"type":"if","locations":[{"start":{"line":15,"column":6},"end":{"line":23,"column":null}},{"start":{},"end":{}}],"line":15},"1":{"loc":{"start":{"line":18,"column":8},"end":{"line":22,"column":null}},"type":"if","locations":[{"start":{"line":18,"column":8},"end":{"line":22,"column":null}},{"start":{"line":20,"column":15},"end":{"line":22,"column":null}}],"line":18},"2":{"loc":{"start":{"line":29,"column":2},"end":{"line":29,"column":null}},"type":"if","locations":[{"start":{"line":29,"column":2},"end":{"line":29,"column":null}},{"start":{},"end":{}}],"line":29},"3":{"loc":{"start":{"line":29,"column":6},"end":{"line":29,"column":28}},"type":"binary-expr","locations":[{"start":{"line":29,"column":6},"end":{"line":29,"column":17}},{"start":{"line":29,"column":17},"end":{"line":29,"column":28}}],"line":29},"4":{"loc":{"start":{"line":31,"column":15},"end":{"line":31,"column":null}},"type":"binary-expr","locations":[{"start":{"line":31,"column":15},"end":{"line":31,"column":34}},{"start":{"line":31,"column":34},"end":{"line":31,"column":null}}],"line":31},"5":{"loc":{"start":{"line":32,"column":19},"end":{"line":32,"column":null}},"type":"binary-expr","locations":[{"start":{"line":32,"column":19},"end":{"line":32,"column":46}},{"start":{"line":32,"column":46},"end":{"line":32,"column":null}}],"line":32},"6":{"loc":{"start":{"line":33,"column":21},"end":{"line":33,"column":null}},"type":"binary-expr","locations":[{"start":{"line":33,"column":21},"end":{"line":33,"column":50}},{"start":{"line":33,"column":50},"end":{"line":33,"column":null}}],"line":33},"7":{"loc":{"start":{"line":35,"column":20},"end":{"line":35,"column":null}},"type":"binary-expr","locations":[{"start":{"line":35,"column":20},"end":{"line":35,"column":48}},{"start":{"line":35,"column":48},"end":{"line":35,"column":null}}],"line":35},"8":{"loc":{"start":{"line":49,"column":7},"end":{"line":50,"column":null}},"type":"binary-expr","locations":[{"start":{"line":49,"column":7},"end":{"line":49,"column":null}},{"start":{"line":50,"column":8},"end":{"line":50,"column":null}}],"line":49},"9":{"loc":{"start":{"line":52,"column":7},"end":{"line":59,"column":null}},"type":"binary-expr","locations":[{"start":{"line":52,"column":7},"end":{"line":52,"column":null}},{"start":{"line":53,"column":8},"end":{"line":59,"column":null}}],"line":52},"10":{"loc":{"start":{"line":61,"column":7},"end":{"line":68,"column":null}},"type":"binary-expr","locations":[{"start":{"line":61,"column":7},"end":{"line":61,"column":null}},{"start":{"line":62,"column":8},"end":{"line":68,"column":null}}],"line":61}},"s":{"0":7,"1":11,"2":11,"3":11,"4":8,"5":3,"6":2,"7":2,"8":2,"9":0,"10":2,"11":0,"12":11,"13":9,"14":2,"15":11,"16":11,"17":11,"18":11,"19":11,"20":11,"21":1,"22":1,"23":11},"f":{"0":11,"1":8,"2":3,"3":0,"4":1},"b":{"0":[2,1],"1":[0,2],"2":[9,2],"3":[11,3],"4":[2,0],"5":[11,2],"6":[11,2],"7":[11,2],"8":[11,1],"9":[11,0],"10":[11,2]},"meta":{"lastBranch":11,"lastFunction":5,"lastStatement":24,"seen":{"s:9:44:72:Infinity":0,"f:9:44:9:50":0,"s:10:26:10:Infinity":1,"s:11:32:11:Infinity":2,"s:13:2:27:Infinity":3,"f:13:12:13:18":1,"s:14:4:26:Infinity":4,"f:14:47:14:56":2,"b:15:6:23:Infinity:undefined:undefined:undefined:undefined":0,"s:15:6:23:Infinity":5,"s:16:21:16:Infinity":6,"s:17:20:17:Infinity":7,"b:18:8:22:Infinity:20:15:22:Infinity":1,"s:18:8:22:Infinity":8,"s:19:10:19:Infinity":9,"s:21:10:21:Infinity":10,"f:24:13:24:20":3,"s:25:6:25:Infinity":11,"b:29:2:29:Infinity:undefined:undefined:undefined:undefined":2,"s:29:2:29:Infinity":12,"b:29:6:29:17:29:17:29:28":3,"s:29:29:29:41":13,"s:31:15:31:Infinity":14,"b:31:15:31:34:31:34:31:Infinity":4,"s:32:19:32:Infinity":15,"b:32:19:32:46:32:46:32:Infinity":5,"s:33:21:33:Infinity":16,"b:33:21:33:50:33:50:33:Infinity":6,"s:34:18:34:Infinity":17,"s:35:20:35:Infinity":18,"b:35:20:35:48:35:48:35:Infinity":7,"s:36:24:36:Infinity":19,"s:38:24:41:Infinity":20,"f:38:24:38:30":4,"s:39:4:39:Infinity":21,"s:40:4:40:Infinity":22,"s:43:2:70:Infinity":23,"b:49:7:49:Infinity:50:8:50:Infinity":8,"b:52:7:52:Infinity:53:8:59:Infinity":9,"b:61:7:61:Infinity:62:8:68:Infinity":10}}}
,"/Users/apple/Documents/Project Eybuckz/Eyebucks/components/Badge.tsx": {"path":"/Users/apple/Documents/Project Eybuckz/Eyebucks/components/Badge.tsx","statementMap":{"0":{"start":{"line":14,"column":53},"end":{"line":22,"column":null}},"1":{"start":{"line":24,"column":47},"end":{"line":27,"column":null}},"2":{"start":{"line":29,"column":50},"end":{"line":37,"column":null}},"3":{"start":{"line":39,"column":43},"end":{"line":56,"column":null}},"4":{"start":{"line":46,"column":2},"end":{"line":56,"column":null}},"5":{"start":{"line":59,"column":48},"end":{"line":74,"column":null}},"6":{"start":{"line":77,"column":2},"end":{"line":77,"column":null}}},"fnMap":{"0":{"name":"(anonymous_0)","decl":{"start":{"line":39,"column":43},"end":{"line":39,"column":44}},"loc":{"start":{"line":46,"column":2},"end":{"line":56,"column":null}},"line":46},"1":{"name":"statusToVariant","decl":{"start":{"line":76,"column":16},"end":{"line":76,"column":32}},"loc":{"start":{"line":76,"column":62},"end":{"line":78,"column":null}},"line":76}},"branchMap":{"0":{"loc":{"start":{"line":40,"column":2},"end":{"line":40,"column":null}},"type":"default-arg","locations":[{"start":{"line":40,"column":12},"end":{"line":40,"column":null}}],"line":40},"1":{"loc":{"start":{"line":41,"column":2},"end":{"line":41,"column":null}},"type":"default-arg","locations":[{"start":{"line":41,"column":9},"end":{"line":41,"column":null}}],"line":41},"2":{"loc":{"start":{"line":42,"column":2},"end":{"line":42,"column":null}},"type":"default-arg","locations":[{"start":{"line":42,"column":8},"end":{"line":42,"column":null}}],"line":42},"3":{"loc":{"start":{"line":43,"column":2},"end":{"line":43,"column":null}},"type":"default-arg","locations":[{"start":{"line":43,"column":14},"end":{"line":43,"column":null}}],"line":43},"4":{"loc":{"start":{"line":49,"column":5},"end":{"line":53,"column":null}},"type":"binary-expr","locations":[{"start":{"line":49,"column":5},"end":{"line":49,"column":null}},{"start":{"line":50,"column":6},"end":{"line":53,"column":null}}],"line":49},"5":{"loc":{"start":{"line":77,"column":9},"end":{"line":77,"column":null}},"type":"binary-expr","locations":[{"start":{"line":77,"column":9},"end":{"line":77,"column":30}},{"start":{"line":77,"column":30},"end":{"line":77,"column":null}}],"line":77}},"s":{"0":6,"1":6,"2":6,"3":6,"4":235,"5":6,"6":206},"f":{"0":235,"1":206},"b":{"0":[235],"1":[235],"2":[235],"3":[235],"4":[235,1],"5":[206,15]},"meta":{"lastBranch":6,"lastFunction":2,"lastStatement":7,"seen":{"s:14:53:22:Infinity":0,"s:24:47:27:Infinity":1,"s:29:50:37:Infinity":2,"s:39:43:56:Infinity":3,"f:39:43:39:44":0,"s:46:2:56:Infinity":4,"b:40:12:40:Infinity":0,"b:41:9:41:Infinity":1,"b:42:8:42:Infinity":2,"b:43:14:43:Infinity":3,"b:49:5:49:Infinity:50:6:53:Infinity":4,"s:59:48:74:Infinity":5,"f:76:16:76:32":1,"s:77:2:77:Infinity":6,"b:77:9:77:30:77:30:77:Infinity":5}}}
,"/Users/apple/Documents/Project Eybuckz/Eyebucks/components/Button.tsx": {"path":"/Users/apple/Documents/Project Eybuckz/Eyebucks/components/Button.tsx","statementMap":{"0":{"start":{"line":16,"column":54},"end":{"line":22,"column":null}},"1":{"start":{"line":24,"column":48},"end":{"line":29,"column":null}},"2":{"start":{"line":31,"column":13},"end":{"line":31,"column":null}},"3":{"start":{"line":33,"column":22},"end":{"line":60,"column":null}},"4":{"start":{"line":45,"column":23},"end":{"line":45,"column":null}},"5":{"start":{"line":47,"column":2},"end":{"line":58,"column":null}},"6":{"start":{"line":61,"column":0},"end":{"line":61,"column":null}}},"fnMap":{"0":{"name":"(anonymous_0)","decl":{"start":{"line":33,"column":71},"end":{"line":33,"column":72}},"loc":{"start":{"line":44,"column":11},"end":{"line":60,"column":1}},"line":44}},"branchMap":{"0":{"loc":{"start":{"line":34,"column":2},"end":{"line":34,"column":null}},"type":"default-arg","locations":[{"start":{"line":34,"column":12},"end":{"line":34,"column":null}}],"line":34},"1":{"loc":{"start":{"line":35,"column":2},"end":{"line":35,"column":null}},"type":"default-arg","locations":[{"start":{"line":35,"column":9},"end":{"line":35,"column":null}}],"line":35},"2":{"loc":{"start":{"line":36,"column":2},"end":{"line":36,"column":null}},"type":"default-arg","locations":[{"start":{"line":36,"column":12},"end":{"line":36,"column":null}}],"line":36},"3":{"loc":{"start":{"line":39,"column":2},"end":{"line":39,"column":null}},"type":"default-arg","locations":[{"start":{"line":39,"column":14},"end":{"line":39,"column":null}}],"line":39},"4":{"loc":{"start":{"line":40,"column":2},"end":{"line":40,"column":null}},"type":"default-arg","locations":[{"start":{"line":40,"column":14},"end":{"line":40,"column":null}}],"line":40},"5":{"loc":{"start":{"line":45,"column":23},"end":{"line":45,"column":null}},"type":"cond-expr","locations":[{"start":{"line":45,"column":33},"end":{"line":45,"column":82}},{"start":{"line":45,"column":82},"end":{"line":45,"column":null}}],"line":45},"6":{"loc":{"start":{"line":50,"column":16},"end":{"line":50,"column":null}},"type":"binary-expr","locations":[{"start":{"line":50,"column":16},"end":{"line":50,"column":28}},{"start":{"line":50,"column":28},"end":{"line":50,"column":null}}],"line":50},"7":{"loc":{"start":{"line":52,"column":76},"end":{"line":52,"column":101}},"type":"cond-expr","locations":[{"start":{"line":52,"column":88},"end":{"line":52,"column":99}},{"start":{"line":52,"column":99},"end":{"line":52,"column":101}}],"line":52},"8":{"loc":{"start":{"line":57,"column":7},"end":{"line":57,"column":null}},"type":"binary-expr","locations":[{"start":{"line":57,"column":7},"end":{"line":57,"column":19}},{"start":{"line":57,"column":19},"end":{"line":57,"column":null}}],"line":57}},"s":{"0":6,"1":6,"2":6,"3":6,"4":223,"5":223,"6":6},"f":{"0":223},"b":{"0":[223],"1":[223],"2":[223],"3":[223],"4":[223],"5":[3,220],"6":[223,158],"7":[39,184],"8":[223,220]},"meta":{"lastBranch":9,"lastFunction":1,"lastStatement":7,"seen":{"s:16:54:22:Infinity":0,"s:24:48:29:Infinity":1,"s:31:13:31:Infinity":2,"s:33:22:60:Infinity":3,"f:33:71:33:72":0,"b:34:12:34:Infinity":0,"b:35:9:35:Infinity":1,"b:36:12:36:Infinity":2,"b:39:14:39:Infinity":3,"b:40:14:40:Infinity":4,"s:45:23:45:Infinity":4,"b:45:33:45:82:45:82:45:Infinity":5,"s:47:2:58:Infinity":5,"b:50:16:50:28:50:28:50:Infinity":6,"b:52:88:52:99:52:99:52:101":7,"b:57:7:57:19:57:19:57:Infinity":8,"s:61:0:61:Infinity":6}}}
,"/Users/apple/Documents/Project Eybuckz/Eyebucks/components/Card.tsx": {"path":"/Users/apple/Documents/Project Eybuckz/Eyebucks/components/Card.tsx","statementMap":{"0":{"start":{"line":13,"column":23},"end":{"line":16,"column":null}},"1":{"start":{"line":18,"column":22},"end":{"line":23,"column":null}},"2":{"start":{"line":25,"column":23},"end":{"line":30,"column":null}},"3":{"start":{"line":32,"column":41},"end":{"line":53,"column":null}},"4":{"start":{"line":41,"column":2},"end":{"line":53,"column":null}}},"fnMap":{"0":{"name":"(anonymous_0)","decl":{"start":{"line":32,"column":41},"end":{"line":32,"column":42}},"loc":{"start":{"line":41,"column":2},"end":{"line":53,"column":null}},"line":41}},"branchMap":{"0":{"loc":{"start":{"line":33,"column":2},"end":{"line":33,"column":null}},"type":"default-arg","locations":[{"start":{"line":33,"column":12},"end":{"line":33,"column":null}}],"line":33},"1":{"loc":{"start":{"line":34,"column":2},"end":{"line":34,"column":null}},"type":"default-arg","locations":[{"start":{"line":34,"column":11},"end":{"line":34,"column":null}}],"line":34},"2":{"loc":{"start":{"line":35,"column":2},"end":{"line":35,"column":null}},"type":"default-arg","locations":[{"start":{"line":35,"column":12},"end":{"line":35,"column":null}}],"line":35},"3":{"loc":{"start":{"line":38,"column":2},"end":{"line":38,"column":null}},"type":"default-arg","locations":[{"start":{"line":38,"column":14},"end":{"line":38,"column":null}}],"line":38},"4":{"loc":{"start":{"line":42,"column":5},"end":{"line":43,"column":null}},"type":"binary-expr","locations":[{"start":{"line":42,"column":5},"end":{"line":42,"column":null}},{"start":{"line":43,"column":6},"end":{"line":43,"column":null}}],"line":42},"5":{"loc":{"start":{"line":45,"column":5},"end":{"line":48,"column":null}},"type":"cond-expr","locations":[{"start":{"line":46,"column":6},"end":{"line":46,"column":null}},{"start":{"line":48,"column":6},"end":{"line":48,"column":null}}],"line":45},"6":{"loc":{"start":{"line":50,"column":5},"end":{"line":51,"column":null}},"type":"binary-expr","locations":[{"start":{"line":50,"column":5},"end":{"line":50,"column":null}},{"start":{"line":51,"column":6},"end":{"line":51,"column":null}}],"line":50}},"s":{"0":6,"1":6,"2":6,"3":6,"4":268},"f":{"0":268},"b":{"0":[268],"1":[268],"2":[268],"3":[268],"4":[268,1],"5":[268,0],"6":[268,1]},"meta":{"lastBranch":7,"lastFunction":1,"lastStatement":5,"seen":{"s:13:23:16:Infinity":0,"s:18:22:23:Infinity":1,"s:25:23:30:Infinity":2,"s:32:41:53:Infinity":3,"f:32:41:32:42":0,"s:41:2:53:Infinity":4,"b:33:12:33:Infinity":0,"b:34:11:34:Infinity":1,"b:35:12:35:Infinity":2,"b:38:14:38:Infinity":3,"b:42:5:42:Infinity:43:6:43:Infinity":4,"b:46:6:46:Infinity:48:6:48:Infinity":5,"b:50:5:50:Infinity:51:6:51:Infinity":6}}}
,"/Users/apple/Documents/Project Eybuckz/Eyebucks/components/CourseCardSkeleton.tsx": {"path":"/Users/apple/Documents/Project Eybuckz/Eyebucks/components/CourseCardSkeleton.tsx","statementMap":{"0":{"start":{"line":3,"column":44},"end":{"line":21,"column":null}},"1":{"start":{"line":4,"column":13},"end":{"line":4,"column":null}},"2":{"start":{"line":5,"column":18},"end":{"line":5,"column":null}},"3":{"start":{"line":6,"column":2},"end":{"line":19,"column":null}},"4":{"start":{"line":23,"column":43},"end":{"line":40,"column":null}},"5":{"start":{"line":24,"column":2},"end":{"line":38,"column":null}}},"fnMap":{"0":{"name":"(anonymous_0)","decl":{"start":{"line":3,"column":44},"end":{"line":3,"column":50}},"loc":{"start":{"line":3,"column":50},"end":{"line":21,"column":null}},"line":3},"1":{"name":"(anonymous_1)","decl":{"start":{"line":23,"column":43},"end":{"line":23,"column":49}},"loc":{"start":{"line":23,"column":49},"end":{"line":40,"column":null}},"line":23}},"branchMap":{},"s":{"0":6,"1":34,"2":34,"3":34,"4":6,"5":9},"f":{"0":34,"1":9},"b":{},"meta":{"lastBranch":0,"lastFunction":2,"lastStatement":6,"seen":{"s:3:44:21:Infinity":0,"f:3:44:3:50":0,"s:4:13:4:Infinity":1,"s:5:18:5:Infinity":2,"s:6:2:19:Infinity":3,"s:23:43:40:Infinity":4,"f:23:43:23:49":1,"s:24:2:38:Infinity":5}}}
,"/Users/apple/Documents/Project Eybuckz/Eyebucks/components/CourseFilters.tsx": {"path":"/Users/apple/Documents/Project Eybuckz/Eyebucks/components/CourseFilters.tsx","statementMap":{"0":{"start":{"line":23,"column":59},"end":{"line":245,"column":null}},"1":{"start":{"line":30,"column":23},"end":{"line":32,"column":null}},"2":{"start":{"line":31,"column":4},"end":{"line":31,"column":null}},"3":{"start":{"line":34,"column":26},"end":{"line":38,"column":null}},"4":{"start":{"line":35,"column":4},"end":{"line":37,"column":null}},"5":{"start":{"line":40,"column":27},"end":{"line":42,"column":null}},"6":{"start":{"line":44,"column":2},"end":{"line":243,"column":null}},"7":{"start":{"line":80,"column":27},"end":{"line":80,"column":null}},"8":{"start":{"line":103,"column":30},"end":{"line":103,"column":null}},"9":{"start":{"line":113,"column":30},"end":{"line":113,"column":null}},"10":{"start":{"line":123,"column":30},"end":{"line":123,"column":null}},"11":{"start":{"line":143,"column":16},"end":{"line":143,"column":null}},"12":{"start":{"line":144,"column":16},"end":{"line":144,"column":null}},"13":{"start":{"line":156,"column":16},"end":{"line":156,"column":null}},"14":{"start":{"line":157,"column":16},"end":{"line":157,"column":null}},"15":{"start":{"line":169,"column":16},"end":{"line":169,"column":null}},"16":{"start":{"line":170,"column":16},"end":{"line":170,"column":null}},"17":{"start":{"line":182,"column":16},"end":{"line":182,"column":null}},"18":{"start":{"line":183,"column":16},"end":{"line":183,"column":null}},"19":{"start":{"line":195,"column":16},"end":{"line":195,"column":null}},"20":{"start":{"line":196,"column":16},"end":{"line":196,"column":null}},"21":{"start":{"line":216,"column":30},"end":{"line":216,"column":null}},"22":{"start":{"line":226,"column":30},"end":{"line":226,"column":null}},"23":{"start":{"line":236,"column":30},"end":{"line":236,"column":null}}},"fnMap":{"0":{"name":"(anonymous_0)","decl":{"start":{"line":23,"column":59},"end":{"line":23,"column":60}},"loc":{"start":{"line":28,"column":6},"end":{"line":245,"column":null}},"line":28},"1":{"name":"(anonymous_1)","decl":{"start":{"line":30,"column":23},"end":{"line":30,"column":24}},"loc":{"start":{"line":30,"column":94},"end":{"line":32,"column":null}},"line":30},"2":{"name":"(anonymous_2)","decl":{"start":{"line":34,"column":26},"end":{"line":34,"column":32}},"loc":{"start":{"line":34,"column":32},"end":{"line":38,"column":null}},"line":34},"3":{"name":"(anonymous_3)","decl":{"start":{"line":80,"column":20},"end":{"line":80,"column":21}},"loc":{"start":{"line":80,"column":27},"end":{"line":80,"column":null}},"line":80},"4":{"name":"(anonymous_4)","decl":{"start":{"line":103,"column":24},"end":{"line":103,"column":30}},"loc":{"start":{"line":103,"column":30},"end":{"line":103,"column":null}},"line":103},"5":{"name":"(anonymous_5)","decl":{"start":{"line":113,"column":24},"end":{"line":113,"column":30}},"loc":{"start":{"line":113,"column":30},"end":{"line":113,"column":null}},"line":113},"6":{"name":"(anonymous_6)","decl":{"start":{"line":123,"column":24},"end":{"line":123,"column":30}},"loc":{"start":{"line":123,"column":30},"end":{"line":123,"column":null}},"line":123},"7":{"name":"(anonymous_7)","decl":{"start":{"line":142,"column":24},"end":{"line":142,"column":30}},"loc":{"start":{"line":142,"column":30},"end":{"line":145,"column":null}},"line":142},"8":{"name":"(anonymous_8)","decl":{"start":{"line":155,"column":24},"end":{"line":155,"column":30}},"loc":{"start":{"line":155,"column":30},"end":{"line":158,"column":null}},"line":155},"9":{"name":"(anonymous_9)","decl":{"start":{"line":168,"column":24},"end":{"line":168,"column":30}},"loc":{"start":{"line":168,"column":30},"end":{"line":171,"column":null}},"line":168},"10":{"name":"(anonymous_10)","decl":{"start":{"line":181,"column":24},"end":{"line":181,"column":30}},"loc":{"start":{"line":181,"column":30},"end":{"line":184,"column":null}},"line":181},"11":{"name":"(anonymous_11)","decl":{"start":{"line":194,"column":24},"end":{"line":194,"column":30}},"loc":{"start":{"line":194,"column":30},"end":{"line":197,"column":null}},"line":194},"12":{"name":"(anonymous_12)","decl":{"start":{"line":216,"column":24},"end":{"line":216,"column":30}},"loc":{"start":{"line":216,"column":30},"end":{"line":216,"column":null}},"line":216},"13":{"name":"(anonymous_13)","decl":{"start":{"line":226,"column":24},"end":{"line":226,"column":30}},"loc":{"start":{"line":226,"column":30},"end":{"line":226,"column":null}},"line":226},"14":{"name":"(anonymous_14)","decl":{"start":{"line":236,"column":24},"end":{"line":236,"column":30}},"loc":{"start":{"line":236,"column":30},"end":{"line":236,"column":null}},"line":236}},"branchMap":{"0":{"loc":{"start":{"line":27,"column":2},"end":{"line":27,"column":null}},"type":"default-arg","locations":[{"start":{"line":27,"column":20},"end":{"line":27,"column":null}}],"line":27},"1":{"loc":{"start":{"line":41,"column":4},"end":{"line":41,"column":null}},"type":"binary-expr","locations":[{"start":{"line":41,"column":4},"end":{"line":41,"column":20}},{"start":{"line":41,"column":20},"end":{"line":41,"column":40}},{"start":{"line":41,"column":40},"end":{"line":41,"column":60}},{"start":{"line":41,"column":60},"end":{"line":41,"column":null}}],"line":41},"2":{"loc":{"start":{"line":52,"column":9},"end":{"line":59,"column":null}},"type":"binary-expr","locations":[{"start":{"line":52,"column":9},"end":{"line":52,"column":28}},{"start":{"line":52,"column":28},"end":{"line":52,"column":null}},{"start":{"line":53,"column":10},"end":{"line":59,"column":null}}],"line":52},"3":{"loc":{"start":{"line":64,"column":7},"end":{"line":70,"column":null}},"type":"binary-expr","locations":[{"start":{"line":64,"column":7},"end":{"line":64,"column":null}},{"start":{"line":65,"column":8},"end":{"line":70,"column":null}}],"line":64},"4":{"loc":{"start":{"line":141,"column":23},"end":{"line":141,"column":null}},"type":"binary-expr","locations":[{"start":{"line":141,"column":23},"end":{"line":141,"column":44}},{"start":{"line":141,"column":44},"end":{"line":141,"column":null}}],"line":141},"5":{"loc":{"start":{"line":154,"column":23},"end":{"line":154,"column":null}},"type":"binary-expr","locations":[{"start":{"line":154,"column":23},"end":{"line":154,"column":49}},{"start":{"line":154,"column":49},"end":{"line":154,"column":null}}],"line":154},"6":{"loc":{"start":{"line":167,"column":23},"end":{"line":167,"column":null}},"type":"binary-expr","locations":[{"start":{"line":167,"column":23},"end":{"line":167,"column":49}},{"start":{"line":167,"column":49},"end":{"line":167,"column":null}}],"line":167},"7":{"loc":{"start":{"line":180,"column":23},"end":{"line":180,"column":null}},"type":"binary-expr","locations":[{"start":{"line":180,"column":23},"end":{"line":180,"column":53}},{"start":{"line":180,"column":53},"end":{"line":180,"column":null}}],"line":180},"8":{"loc":{"start":{"line":193,"column":23},"end":{"line":193,"column":null}},"type":"binary-expr","locations":[{"start":{"line":193,"column":23},"end":{"line":193,"column":54}},{"start":{"line":193,"column":54},"end":{"line":193,"column":null}}],"line":193}},"s":{"0":6,"1":8,"2":2,"3":8,"4":1,"5":8,"6":8,"7":1,"8":0,"9":0,"10":1,"11":0,"12":0,"13":0,"14":0,"15":0,"16":0,"17":0,"18":0,"19":0,"20":0,"21":0,"22":0,"23":0},"f":{"0":8,"1":2,"2":1,"3":1,"4":0,"5":0,"6":1,"7":0,"8":0,"9":0,"10":0,"11":0,"12":0,"13":0,"14":0},"b":{"0":[8],"1":[8,6,6,6],"2":[8,1,1],"3":[8,2],"4":[8,8],"5":[8,0],"6":[8,0],"7":[8,0],"8":[8,0]},"meta":{"lastBranch":9,"lastFunction":15,"lastStatement":24,"seen":{"s:23:59:245:Infinity":0,"f:23:59:23:60":0,"b:27:20:27:Infinity":0,"s:30:23:32:Infinity":1,"f:30:23:30:24":1,"s:31:4:31:Infinity":2,"s:34:26:38:Infinity":3,"f:34:26:34:32":2,"s:35:4:37:Infinity":4,"s:40:27:42:Infinity":5,"b:41:4:41:20:41:20:41:40:41:40:41:60:41:60:41:Infinity":1,"s:44:2:243:Infinity":6,"b:52:9:52:28:52:28:52:Infinity:53:10:59:Infinity":2,"b:64:7:64:Infinity:65:8:70:Infinity":3,"f:80:20:80:21":3,"s:80:27:80:Infinity":7,"f:103:24:103:30":4,"s:103:30:103:Infinity":8,"f:113:24:113:30":5,"s:113:30:113:Infinity":9,"f:123:24:123:30":6,"s:123:30:123:Infinity":10,"b:141:23:141:44:141:44:141:Infinity":4,"f:142:24:142:30":7,"s:143:16:143:Infinity":11,"s:144:16:144:Infinity":12,"b:154:23:154:49:154:49:154:Infinity":5,"f:155:24:155:30":8,"s:156:16:156:Infinity":13,"s:157:16:157:Infinity":14,"b:167:23:167:49:167:49:167:Infinity":6,"f:168:24:168:30":9,"s:169:16:169:Infinity":15,"s:170:16:170:Infinity":16,"b:180:23:180:53:180:53:180:Infinity":7,"f:181:24:181:30":10,"s:182:16:182:Infinity":17,"s:183:16:183:Infinity":18,"b:193:23:193:54:193:54:193:Infinity":8,"f:194:24:194:30":11,"s:195:16:195:Infinity":19,"s:196:16:196:Infinity":20,"f:216:24:216:30":12,"s:216:30:216:Infinity":21,"f:226:24:226:30":13,"s:226:30:226:Infinity":22,"f:236:24:236:30":14,"s:236:30:236:Infinity":23}}}
,"/Users/apple/Documents/Project Eybuckz/Eyebucks/components/CreatorsSection.tsx": {"path":"/Users/apple/Documents/Project Eybuckz/Eyebucks/components/CreatorsSection.tsx","statementMap":{"0":{"start":{"line":12,"column":82},"end":{"line":19,"column":null}},"1":{"start":{"line":21,"column":37},"end":{"line":26,"column":null}},"2":{"start":{"line":32,"column":72},"end":{"line":35,"column":null}},"3":{"start":{"line":33,"column":2},"end":{"line":35,"column":null}},"4":{"start":{"line":38,"column":48},"end":{"line":83,"column":null}},"5":{"start":{"line":39,"column":31},"end":{"line":45,"column":null}},"6":{"start":{"line":40,"column":25},"end":{"line":44,"column":8}},"7":{"start":{"line":47,"column":2},"end":{"line":81,"column":null}},"8":{"start":{"line":66,"column":25},"end":{"line":66,"column":null}},"9":{"start":{"line":67,"column":12},"end":{"line":76,"column":null}}},"fnMap":{"0":{"name":"(anonymous_0)","decl":{"start":{"line":32,"column":72},"end":{"line":32,"column":73}},"loc":{"start":{"line":33,"column":2},"end":{"line":35,"column":null}},"line":33},"1":{"name":"(anonymous_1)","decl":{"start":{"line":38,"column":48},"end":{"line":38,"column":49}},"loc":{"start":{"line":38,"column":68},"end":{"line":83,"column":null}},"line":38},"2":{"name":"(anonymous_2)","decl":{"start":{"line":40,"column":16},"end":{"line":40,"column":25}},"loc":{"start":{"line":40,"column":25},"end":{"line":44,"column":8}},"line":40},"3":{"name":"(anonymous_3)","decl":{"start":{"line":65,"column":21},"end":{"line":65,"column":22}},"loc":{"start":{"line":65,"column":34},"end":{"line":78,"column":11}},"line":65}},"branchMap":{"0":{"loc":{"start":{"line":32,"column":85},"end":{"line":32,"column":95}},"type":"default-arg","locations":[{"start":{"line":32,"column":93},"end":{"line":32,"column":95}}],"line":32},"1":{"loc":{"start":{"line":38,"column":51},"end":{"line":38,"column":62}},"type":"default-arg","locations":[{"start":{"line":38,"column":59},"end":{"line":38,"column":62}}],"line":38},"2":{"loc":{"start":{"line":39,"column":31},"end":{"line":45,"column":null}},"type":"cond-expr","locations":[{"start":{"line":40,"column":6},"end":{"line":44,"column":null}},{"start":{"line":45,"column":6},"end":{"line":45,"column":null}}],"line":39},"3":{"loc":{"start":{"line":42,"column":14},"end":{"line":42,"column":null}},"type":"binary-expr","locations":[{"start":{"line":42,"column":14},"end":{"line":42,"column":27}},{"start":{"line":42,"column":27},"end":{"line":42,"column":null}}],"line":42},"4":{"loc":{"start":{"line":43,"column":15},"end":{"line":43,"column":null}},"type":"binary-expr","locations":[{"start":{"line":43,"column":15},"end":{"line":43,"column":65}},{"start":{"line":43,"column":65},"end":{"line":43,"column":null}}],"line":43},"5":{"loc":{"start":{"line":66,"column":25},"end":{"line":66,"column":null}},"type":"binary-expr","locations":[{"start":{"line":66,"column":25},"end":{"line":66,"column":48}},{"start":{"line":66,"column":48},"end":{"line":66,"column":null}}],"line":66}},"s":{"0":2,"1":2,"2":2,"3":32,"4":2,"5":7,"6":1,"7":7,"8":25,"9":25},"f":{"0":32,"1":7,"2":1,"3":25},"b":{"0":[32],"1":[7],"2":[1,6],"3":[1,0],"4":[1,0],"5":[25,0]},"meta":{"lastBranch":6,"lastFunction":4,"lastStatement":10,"seen":{"s:12:82:19:Infinity":0,"s:21:37:26:Infinity":1,"s:32:72:35:Infinity":2,"f:32:72:32:73":0,"s:33:2:35:Infinity":3,"b:32:93:32:95":0,"s:38:48:83:Infinity":4,"f:38:48:38:49":1,"b:38:59:38:62":1,"s:39:31:45:Infinity":5,"b:40:6:44:Infinity:45:6:45:Infinity":2,"f:40:16:40:25":2,"s:40:25:44:8":6,"b:42:14:42:27:42:27:42:Infinity":3,"b:43:15:43:65:43:65:43:Infinity":4,"s:47:2:81:Infinity":7,"f:65:21:65:22":3,"s:66:25:66:Infinity":8,"b:66:25:66:48:66:48:66:Infinity":5,"s:67:12:76:Infinity":9}}}
,"/Users/apple/Documents/Project Eybuckz/Eyebucks/components/EnrollmentGate.tsx": {"path":"/Users/apple/Documents/Project Eybuckz/Eyebucks/components/EnrollmentGate.tsx","statementMap":{"0":{"start":{"line":26,"column":61},"end":{"line":175,"column":null}},"1":{"start":{"line":34,"column":8},"end":{"line":34,"column":null}},"2":{"start":{"line":36,"column":23},"end":{"line":38,"column":null}},"3":{"start":{"line":37,"column":4},"end":{"line":37,"column":null}},"4":{"start":{"line":40,"column":23},"end":{"line":42,"column":null}},"5":{"start":{"line":41,"column":4},"end":{"line":41,"column":null}},"6":{"start":{"line":44,"column":2},"end":{"line":173,"column":null}}},"fnMap":{"0":{"name":"(anonymous_0)","decl":{"start":{"line":26,"column":61},"end":{"line":26,"column":62}},"loc":{"start":{"line":33,"column":6},"end":{"line":175,"column":null}},"line":33},"1":{"name":"(anonymous_1)","decl":{"start":{"line":36,"column":23},"end":{"line":36,"column":29}},"loc":{"start":{"line":36,"column":29},"end":{"line":38,"column":null}},"line":36},"2":{"name":"(anonymous_2)","decl":{"start":{"line":40,"column":23},"end":{"line":40,"column":29}},"loc":{"start":{"line":40,"column":29},"end":{"line":42,"column":null}},"line":40}},"branchMap":{},"s":{"0":7,"1":10,"2":10,"3":0,"4":10,"5":0,"6":10},"f":{"0":10,"1":0,"2":0},"b":{},"meta":{"lastBranch":0,"lastFunction":3,"lastStatement":7,"seen":{"s:26:61:175:Infinity":0,"f:26:61:26:62":0,"s:34:8:34:Infinity":1,"s:36:23:38:Infinity":2,"f:36:23:36:29":1,"s:37:4:37:Infinity":3,"s:40:23:42:Infinity":4,"f:40:23:40:29":2,"s:41:4:41:Infinity":5,"s:44:2:173:Infinity":6}}}
,"/Users/apple/Documents/Project Eybuckz/Eyebucks/components/ErrorBoundary.tsx": {"path":"/Users/apple/Documents/Project Eybuckz/Eyebucks/components/ErrorBoundary.tsx","statementMap":{"0":{"start":{"line":24,"column":4},"end":{"line":24,"column":null}},"1":{"start":{"line":68,"column":2},"end":{"line":74,"column":null}},"2":{"start":{"line":69,"column":4},"end":{"line":73,"column":null}},"3":{"start":{"line":76,"column":2},"end":{"line":79,"column":null}},"4":{"start":{"line":77,"column":4},"end":{"line":77,"column":null}},"5":{"start":{"line":78,"column":4},"end":{"line":78,"column":null}},"6":{"start":{"line":25,"column":4},"end":{"line":29,"column":null}},"7":{"start":{"line":34,"column":4},"end":{"line":34,"column":null}},"8":{"start":{"line":39,"column":4},"end":{"line":39,"column":null}},"9":{"start":{"line":40,"column":4},"end":{"line":40,"column":null}},"10":{"start":{"line":42,"column":4},"end":{"line":45,"column":null}},"11":{"start":{"line":48,"column":4},"end":{"line":65,"column":null}},"12":{"start":{"line":49,"column":6},"end":{"line":64,"column":null}},"13":{"start":{"line":51,"column":8},"end":{"line":61,"column":null}},"14":{"start":{"line":52,"column":10},"end":{"line":58,"column":null}},"15":{"start":{"line":60,"column":10},"end":{"line":60,"column":null}},"16":{"start":{"line":63,"column":8},"end":{"line":63,"column":null}},"17":{"start":{"line":82,"column":4},"end":{"line":149,"column":null}},"18":{"start":{"line":84,"column":6},"end":{"line":86,"column":null}},"19":{"start":{"line":85,"column":8},"end":{"line":85,"column":null}},"20":{"start":{"line":89,"column":6},"end":{"line":147,"column":null}},"21":{"start":{"line":151,"column":4},"end":{"line":151,"column":null}},"22":{"start":{"line":159,"column":33},"end":{"line":165,"column":null}},"23":{"start":{"line":160,"column":2},"end":{"line":163,"column":null}},"24":{"start":{"line":161,"column":4},"end":{"line":163,"column":null}}},"fnMap":{"0":{"name":"(anonymous_0)","decl":{"start":{"line":23,"column":2},"end":{"line":23,"column":14}},"loc":{"start":{"line":23,"column":41},"end":{"line":30,"column":null}},"line":23},"1":{"name":"(anonymous_1)","decl":{"start":{"line":68,"column":16},"end":{"line":68,"column":28}},"loc":{"start":{"line":68,"column":28},"end":{"line":74,"column":null}},"line":68},"2":{"name":"(anonymous_2)","decl":{"start":{"line":76,"column":17},"end":{"line":76,"column":29}},"loc":{"start":{"line":76,"column":29},"end":{"line":79,"column":null}},"line":76},"3":{"name":"(anonymous_3)","decl":{"start":{"line":32,"column":9},"end":{"line":32,"column":34}},"loc":{"start":{"line":32,"column":77},"end":{"line":35,"column":null}},"line":32},"4":{"name":"(anonymous_4)","decl":{"start":{"line":37,"column":2},"end":{"line":37,"column":20}},"loc":{"start":{"line":37,"column":62},"end":{"line":66,"column":null}},"line":37},"5":{"name":"(anonymous_5)","decl":{"start":{"line":51,"column":49},"end":{"line":51,"column":null}},"loc":{"start":{"line":51,"column":49},"end":{"line":59,"column":9}},"line":51},"6":{"name":"(anonymous_6)","decl":{"start":{"line":59,"column":17},"end":{"line":59,"column":18}},"loc":{"start":{"line":59,"column":32},"end":{"line":61,"column":9}},"line":59},"7":{"name":"(anonymous_7)","decl":{"start":{"line":81,"column":2},"end":{"line":81,"column":22}},"loc":{"start":{"line":81,"column":22},"end":{"line":152,"column":null}},"line":81},"8":{"name":"(anonymous_8)","decl":{"start":{"line":159,"column":33},"end":{"line":159,"column":34}},"loc":{"start":{"line":159,"column":116},"end":{"line":165,"column":null}},"line":159},"9":{"name":"(anonymous_9)","decl":{"start":{"line":160,"column":9},"end":{"line":160,"column":10}},"loc":{"start":{"line":161,"column":4},"end":{"line":163,"column":null}},"line":161}},"branchMap":{"0":{"loc":{"start":{"line":48,"column":4},"end":{"line":65,"column":null}},"type":"if","locations":[{"start":{"line":48,"column":4},"end":{"line":65,"column":null}},{"start":{},"end":{}}],"line":48},"1":{"loc":{"start":{"line":82,"column":4},"end":{"line":149,"column":null}},"type":"if","locations":[{"start":{"line":82,"column":4},"end":{"line":149,"column":null}},{"start":{},"end":{}}],"line":82},"2":{"loc":{"start":{"line":84,"column":6},"end":{"line":86,"column":null}},"type":"if","locations":[{"start":{"line":84,"column":6},"end":{"line":86,"column":null}},{"start":{},"end":{}}],"line":84},"3":{"loc":{"start":{"line":110,"column":15},"end":{"line":125,"column":null}},"type":"binary-expr","locations":[{"start":{"line":110,"column":15},"end":{"line":110,"column":38}},{"start":{"line":110,"column":38},"end":{"line":110,"column":null}},{"start":{"line":111,"column":16},"end":{"line":125,"column":null}}],"line":110},"4":{"loc":{"start":{"line":119,"column":21},"end":{"line":122,"column":null}},"type":"binary-expr","locations":[{"start":{"line":119,"column":21},"end":{"line":119,"column":null}},{"start":{"line":120,"column":22},"end":{"line":122,"column":null}}],"line":119}},"s":{"0":8,"1":8,"2":0,"3":8,"4":0,"5":0,"6":8,"7":6,"8":3,"9":3,"10":3,"11":3,"12":0,"13":0,"14":0,"15":0,"16":0,"17":16,"18":9,"19":0,"20":9,"21":7,"22":6,"23":0,"24":0},"f":{"0":8,"1":0,"2":0,"3":6,"4":3,"5":0,"6":0,"7":16,"8":0,"9":0},"b":{"0":[0,3],"1":[9,7],"2":[0,9],"3":[9,9,9],"4":[9,3]},"meta":{"lastBranch":5,"lastFunction":10,"lastStatement":25,"seen":{"f:23:2:23:14":0,"s:24:4:24:Infinity":0,"s:68:2:74:Infinity":1,"f:68:16:68:28":1,"s:69:4:73:Infinity":2,"s:76:2:79:Infinity":3,"f:76:17:76:29":2,"s:77:4:77:Infinity":4,"s:78:4:78:Infinity":5,"s:25:4:29:Infinity":6,"f:32:9:32:34":3,"s:34:4:34:Infinity":7,"f:37:2:37:20":4,"s:39:4:39:Infinity":8,"s:40:4:40:Infinity":9,"s:42:4:45:Infinity":10,"b:48:4:65:Infinity:undefined:undefined:undefined:undefined":0,"s:48:4:65:Infinity":11,"s:49:6:64:Infinity":12,"s:51:8:61:Infinity":13,"f:51:49:51:Infinity":5,"s:52:10:58:Infinity":14,"f:59:17:59:18":6,"s:60:10:60:Infinity":15,"s:63:8:63:Infinity":16,"f:81:2:81:22":7,"b:82:4:149:Infinity:undefined:undefined:undefined:undefined":1,"s:82:4:149:Infinity":17,"b:84:6:86:Infinity:undefined:undefined:undefined:undefined":2,"s:84:6:86:Infinity":18,"s:85:8:85:Infinity":19,"s:89:6:147:Infinity":20,"b:110:15:110:38:110:38:110:Infinity:111:16:125:Infinity":3,"b:119:21:119:Infinity:120:22:122:Infinity":4,"s:151:4:151:Infinity":21,"s:159:33:165:Infinity":22,"f:159:33:159:34":8,"s:160:2:163:Infinity":23,"f:160:9:160:10":9,"s:161:4:163:Infinity":24}}}
,"/Users/apple/Documents/Project Eybuckz/Eyebucks/components/HeroCarousel.tsx": {"path":"/Users/apple/Documents/Project Eybuckz/Eyebucks/components/HeroCarousel.tsx","statementMap":{"0":{"start":{"line":14,"column":32},"end":{"line":19,"column":null}},"1":{"start":{"line":21,"column":57},"end":{"line":113,"column":null}},"2":{"start":{"line":22,"column":28},"end":{"line":22,"column":null}},"3":{"start":{"line":23,"column":26},"end":{"line":23,"column":null}},"4":{"start":{"line":24,"column":8},"end":{"line":24,"column":null}},"5":{"start":{"line":26,"column":8},"end":{"line":28,"column":null}},"6":{"start":{"line":27,"column":4},"end":{"line":27,"column":null}},"7":{"start":{"line":27,"column":15},"end":{"line":27,"column":49}},"8":{"start":{"line":30,"column":8},"end":{"line":32,"column":null}},"9":{"start":{"line":31,"column":4},"end":{"line":31,"column":null}},"10":{"start":{"line":31,"column":15},"end":{"line":31,"column":65}},"11":{"start":{"line":34,"column":2},"end":{"line":38,"column":null}},"12":{"start":{"line":35,"column":4},"end":{"line":35,"column":null}},"13":{"start":{"line":35,"column":17},"end":{"line":35,"column":24}},"14":{"start":{"line":36,"column":18},"end":{"line":36,"column":null}},"15":{"start":{"line":37,"column":4},"end":{"line":37,"column":null}},"16":{"start":{"line":37,"column":17},"end":{"line":37,"column":null}},"17":{"start":{"line":40,"column":27},"end":{"line":42,"column":null}},"18":{"start":{"line":41,"column":4},"end":{"line":41,"column":null}},"19":{"start":{"line":44,"column":25},"end":{"line":49,"column":null}},"20":{"start":{"line":45,"column":18},"end":{"line":45,"column":null}},"21":{"start":{"line":46,"column":4},"end":{"line":48,"column":null}},"22":{"start":{"line":47,"column":6},"end":{"line":47,"column":null}},"23":{"start":{"line":47,"column":23},"end":{"line":47,"column":31}},"24":{"start":{"line":47,"column":40},"end":{"line":47,"column":48}},"25":{"start":{"line":51,"column":2},"end":{"line":111,"column":null}},"26":{"start":{"line":54,"column":26},"end":{"line":54,"column":null}},"27":{"start":{"line":55,"column":26},"end":{"line":55,"column":null}},"28":{"start":{"line":62,"column":10},"end":{"line":80,"column":null}},"29":{"start":{"line":103,"column":10},"end":{"line":108,"column":null}},"30":{"start":{"line":105,"column":27},"end":{"line":105,"column":null}}},"fnMap":{"0":{"name":"(anonymous_0)","decl":{"start":{"line":21,"column":57},"end":{"line":21,"column":58}},"loc":{"start":{"line":21,"column":107},"end":{"line":113,"column":null}},"line":21},"1":{"name":"(anonymous_1)","decl":{"start":{"line":26,"column":27},"end":{"line":26,"column":33}},"loc":{"start":{"line":26,"column":33},"end":{"line":28,"column":5}},"line":26},"2":{"name":"(anonymous_2)","decl":{"start":{"line":27,"column":15},"end":{"line":27,"column":24}},"loc":{"start":{"line":27,"column":15},"end":{"line":27,"column":49}},"line":27},"3":{"name":"(anonymous_3)","decl":{"start":{"line":30,"column":27},"end":{"line":30,"column":33}},"loc":{"start":{"line":30,"column":33},"end":{"line":32,"column":5}},"line":30},"4":{"name":"(anonymous_4)","decl":{"start":{"line":31,"column":15},"end":{"line":31,"column":24}},"loc":{"start":{"line":31,"column":15},"end":{"line":31,"column":65}},"line":31},"5":{"name":"(anonymous_5)","decl":{"start":{"line":34,"column":12},"end":{"line":34,"column":18}},"loc":{"start":{"line":34,"column":18},"end":{"line":38,"column":5}},"line":34},"6":{"name":"(anonymous_6)","decl":{"start":{"line":37,"column":11},"end":{"line":37,"column":17}},"loc":{"start":{"line":37,"column":17},"end":{"line":37,"column":null}},"line":37},"7":{"name":"(anonymous_7)","decl":{"start":{"line":40,"column":27},"end":{"line":40,"column":28}},"loc":{"start":{"line":40,"column":52},"end":{"line":42,"column":null}},"line":40},"8":{"name":"(anonymous_8)","decl":{"start":{"line":44,"column":25},"end":{"line":44,"column":26}},"loc":{"start":{"line":44,"column":50},"end":{"line":49,"column":null}},"line":44},"9":{"name":"(anonymous_9)","decl":{"start":{"line":54,"column":20},"end":{"line":54,"column":26}},"loc":{"start":{"line":54,"column":26},"end":{"line":54,"column":null}},"line":54},"10":{"name":"(anonymous_10)","decl":{"start":{"line":55,"column":20},"end":{"line":55,"column":26}},"loc":{"start":{"line":55,"column":26},"end":{"line":55,"column":null}},"line":55},"11":{"name":"(anonymous_11)","decl":{"start":{"line":61,"column":20},"end":{"line":61,"column":21}},"loc":{"start":{"line":62,"column":10},"end":{"line":80,"column":null}},"line":62},"12":{"name":"(anonymous_12)","decl":{"start":{"line":102,"column":20},"end":{"line":102,"column":21}},"loc":{"start":{"line":103,"column":10},"end":{"line":108,"column":null}},"line":103},"13":{"name":"(anonymous_13)","decl":{"start":{"line":105,"column":21},"end":{"line":105,"column":27}},"loc":{"start":{"line":105,"column":27},"end":{"line":105,"column":null}},"line":105}},"branchMap":{"0":{"loc":{"start":{"line":21,"column":60},"end":{"line":21,"column":85}},"type":"default-arg","locations":[{"start":{"line":21,"column":69},"end":{"line":21,"column":85}}],"line":21},"1":{"loc":{"start":{"line":21,"column":85},"end":{"line":21,"column":101}},"type":"default-arg","locations":[{"start":{"line":21,"column":96},"end":{"line":21,"column":101}}],"line":21},"2":{"loc":{"start":{"line":35,"column":4},"end":{"line":35,"column":null}},"type":"if","locations":[{"start":{"line":35,"column":4},"end":{"line":35,"column":null}},{"start":{},"end":{}}],"line":35},"3":{"loc":{"start":{"line":46,"column":4},"end":{"line":48,"column":null}},"type":"if","locations":[{"start":{"line":46,"column":4},"end":{"line":48,"column":null}},{"start":{},"end":{}}],"line":46},"4":{"loc":{"start":{"line":47,"column":6},"end":{"line":47,"column":null}},"type":"if","locations":[{"start":{"line":47,"column":6},"end":{"line":47,"column":null}},{"start":{"line":47,"column":38},"end":{"line":47,"column":null}}],"line":47},"5":{"loc":{"start":{"line":64,"column":75},"end":{"line":64,"column":138}},"type":"cond-expr","locations":[{"start":{"line":64,"column":91},"end":{"line":64,"column":107}},{"start":{"line":64,"column":107},"end":{"line":64,"column":138}}],"line":64},"6":{"loc":{"start":{"line":72,"column":23},"end":{"line":72,"column":null}},"type":"cond-expr","locations":[{"start":{"line":72,"column":33},"end":{"line":72,"column":43}},{"start":{"line":72,"column":43},"end":{"line":72,"column":null}}],"line":72},"7":{"loc":{"start":{"line":73,"column":29},"end":{"line":73,"column":null}},"type":"cond-expr","locations":[{"start":{"line":73,"column":39},"end":{"line":73,"column":48}},{"start":{"line":73,"column":48},"end":{"line":73,"column":null}}],"line":73},"8":{"loc":{"start":{"line":106,"column":80},"end":{"line":106,"column":151}},"type":"cond-expr","locations":[{"start":{"line":106,"column":96},"end":{"line":106,"column":120}},{"start":{"line":106,"column":120},"end":{"line":106,"column":151}}],"line":106}},"s":{"0":2,"1":2,"2":13,"3":13,"4":13,"5":13,"6":1,"7":1,"8":13,"9":1,"10":1,"11":13,"12":9,"13":2,"14":7,"15":7,"16":7,"17":13,"18":0,"19":13,"20":0,"21":0,"22":0,"23":0,"24":0,"25":13,"26":2,"27":0,"28":43,"29":43,"30":0},"f":{"0":13,"1":1,"2":1,"3":1,"4":1,"5":9,"6":7,"7":0,"8":0,"9":2,"10":0,"11":43,"12":43,"13":0},"b":{"0":[13],"1":[13],"2":[2,7],"3":[0,0],"4":[0,0],"5":[13,30],"6":[13,30],"7":[13,30],"8":[13,30]},"meta":{"lastBranch":9,"lastFunction":14,"lastStatement":31,"seen":{"s:14:32:19:Infinity":0,"s:21:57:113:Infinity":1,"f:21:57:21:58":0,"b:21:69:21:85":0,"b:21:96:21:101":1,"s:22:28:22:Infinity":2,"s:23:26:23:Infinity":3,"s:24:8:24:Infinity":4,"s:26:8:28:Infinity":5,"f:26:27:26:33":1,"s:27:4:27:Infinity":6,"f:27:15:27:24":2,"s:27:15:27:49":7,"s:30:8:32:Infinity":8,"f:30:27:30:33":3,"s:31:4:31:Infinity":9,"f:31:15:31:24":4,"s:31:15:31:65":10,"s:34:2:38:Infinity":11,"f:34:12:34:18":5,"b:35:4:35:Infinity:undefined:undefined:undefined:undefined":2,"s:35:4:35:Infinity":12,"s:35:17:35:24":13,"s:36:18:36:Infinity":14,"s:37:4:37:Infinity":15,"f:37:11:37:17":6,"s:37:17:37:Infinity":16,"s:40:27:42:Infinity":17,"f:40:27:40:28":7,"s:41:4:41:Infinity":18,"s:44:25:49:Infinity":19,"f:44:25:44:26":8,"s:45:18:45:Infinity":20,"b:46:4:48:Infinity:undefined:undefined:undefined:undefined":3,"s:46:4:48:Infinity":21,"b:47:6:47:Infinity:47:38:47:Infinity":4,"s:47:6:47:Infinity":22,"s:47:23:47:31":23,"s:47:40:47:48":24,"s:51:2:111:Infinity":25,"f:54:20:54:26":9,"s:54:26:54:Infinity":26,"f:55:20:55:26":10,"s:55:26:55:Infinity":27,"f:61:20:61:21":11,"s:62:10:80:Infinity":28,"b:64:91:64:107:64:107:64:138":5,"b:72:33:72:43:72:43:72:Infinity":6,"b:73:39:73:48:73:48:73:Infinity":7,"f:102:20:102:21":12,"s:103:10:108:Infinity":29,"f:105:21:105:27":13,"s:105:27:105:Infinity":30,"b:106:96:106:120:106:120:106:151":8}}}
,"/Users/apple/Documents/Project Eybuckz/Eyebucks/components/Input.tsx": {"path":"/Users/apple/Documents/Project Eybuckz/Eyebucks/components/Input.tsx","statementMap":{"0":{"start":{"line":13,"column":20},"end":{"line":17,"column":null}},"1":{"start":{"line":19,"column":13},"end":{"line":19,"column":null}},"2":{"start":{"line":21,"column":21},"end":{"line":71,"column":null}},"3":{"start":{"line":33,"column":22},"end":{"line":33,"column":null}},"4":{"start":{"line":34,"column":22},"end":{"line":34,"column":null}},"5":{"start":{"line":35,"column":22},"end":{"line":37,"column":null}},"6":{"start":{"line":38,"column":18},"end":{"line":38,"column":null}},"7":{"start":{"line":40,"column":2},"end":{"line":69,"column":null}},"8":{"start":{"line":72,"column":0},"end":{"line":72,"column":null}}},"fnMap":{"0":{"name":"(anonymous_0)","decl":{"start":{"line":21,"column":68},"end":{"line":21,"column":69}},"loc":{"start":{"line":32,"column":11},"end":{"line":71,"column":1}},"line":32}},"branchMap":{"0":{"loc":{"start":{"line":27,"column":2},"end":{"line":27,"column":null}},"type":"default-arg","locations":[{"start":{"line":27,"column":9},"end":{"line":27,"column":null}}],"line":27},"1":{"loc":{"start":{"line":28,"column":2},"end":{"line":28,"column":null}},"type":"default-arg","locations":[{"start":{"line":28,"column":23},"end":{"line":28,"column":null}}],"line":28},"2":{"loc":{"start":{"line":29,"column":2},"end":{"line":29,"column":null}},"type":"default-arg","locations":[{"start":{"line":29,"column":14},"end":{"line":29,"column":null}}],"line":29},"3":{"loc":{"start":{"line":35,"column":22},"end":{"line":37,"column":null}},"type":"cond-expr","locations":[{"start":{"line":36,"column":6},"end":{"line":36,"column":null}},{"start":{"line":37,"column":6},"end":{"line":37,"column":null}}],"line":35},"4":{"loc":{"start":{"line":38,"column":18},"end":{"line":38,"column":null}},"type":"binary-expr","locations":[{"start":{"line":38,"column":18},"end":{"line":38,"column":25}},{"start":{"line":38,"column":25},"end":{"line":38,"column":null}}],"line":38},"5":{"loc":{"start":{"line":38,"column":25},"end":{"line":38,"column":null}},"type":"cond-expr","locations":[{"start":{"line":38,"column":33},"end":{"line":38,"column":94}},{"start":{"line":38,"column":94},"end":{"line":38,"column":null}}],"line":38},"6":{"loc":{"start":{"line":42,"column":7},"end":{"line":43,"column":null}},"type":"binary-expr","locations":[{"start":{"line":42,"column":7},"end":{"line":42,"column":null}},{"start":{"line":43,"column":8},"end":{"line":43,"column":null}}],"line":42},"7":{"loc":{"start":{"line":46,"column":9},"end":{"line":49,"column":null}},"type":"binary-expr","locations":[{"start":{"line":46,"column":9},"end":{"line":46,"column":null}},{"start":{"line":47,"column":10},"end":{"line":49,"column":null}}],"line":46},"8":{"loc":{"start":{"line":54,"column":53},"end":{"line":54,"column":78}},"type":"cond-expr","locations":[{"start":{"line":54,"column":66},"end":{"line":54,"column":76}},{"start":{"line":54,"column":76},"end":{"line":54,"column":78}}],"line":54},"9":{"loc":{"start":{"line":54,"column":82},"end":{"line":54,"column":108}},"type":"cond-expr","locations":[{"start":{"line":54,"column":96},"end":{"line":54,"column":106}},{"start":{"line":54,"column":106},"end":{"line":54,"column":108}}],"line":54},"10":{"loc":{"start":{"line":57,"column":9},"end":{"line":60,"column":null}},"type":"binary-expr","locations":[{"start":{"line":57,"column":9},"end":{"line":57,"column":null}},{"start":{"line":58,"column":10},"end":{"line":60,"column":null}}],"line":57},"11":{"loc":{"start":{"line":63,"column":7},"end":{"line":64,"column":null}},"type":"binary-expr","locations":[{"start":{"line":63,"column":7},"end":{"line":63,"column":null}},{"start":{"line":64,"column":8},"end":{"line":64,"column":null}}],"line":63},"12":{"loc":{"start":{"line":66,"column":7},"end":{"line":67,"column":null}},"type":"binary-expr","locations":[{"start":{"line":66,"column":7},"end":{"line":66,"column":17}},{"start":{"line":66,"column":17},"end":{"line":66,"column":null}},{"start":{"line":67,"column":8},"end":{"line":67,"column":null}}],"line":66}},"s":{"0":6,"1":6,"2":6,"3":127,"4":127,"5":127,"6":127,"7":127,"8":6},"f":{"0":127},"b":{"0":[127],"1":[127],"2":[127],"3":[3,124],"4":[127,126],"5":[1,125],"6":[127,2],"7":[127,1],"8":[1,126],"9":[1,126],"10":[127,1],"11":[127,3],"12":[127,124,1]},"meta":{"lastBranch":13,"lastFunction":1,"lastStatement":9,"seen":{"s:13:20:17:Infinity":0,"s:19:13:19:Infinity":1,"s:21:21:71:Infinity":2,"f:21:68:21:69":0,"b:27:9:27:Infinity":0,"b:28:23:28:Infinity":1,"b:29:14:29:Infinity":2,"s:33:22:33:Infinity":3,"s:34:22:34:Infinity":4,"s:35:22:37:Infinity":5,"b:36:6:36:Infinity:37:6:37:Infinity":3,"s:38:18:38:Infinity":6,"b:38:18:38:25:38:25:38:Infinity":4,"b:38:33:38:94:38:94:38:Infinity":5,"s:40:2:69:Infinity":7,"b:42:7:42:Infinity:43:8:43:Infinity":6,"b:46:9:46:Infinity:47:10:49:Infinity":7,"b:54:66:54:76:54:76:54:78":8,"b:54:96:54:106:54:106:54:108":9,"b:57:9:57:Infinity:58:10:60:Infinity":10,"b:63:7:63:Infinity:64:8:64:Infinity":11,"b:66:7:66:17:66:17:66:Infinity:67:8:67:Infinity":12,"s:72:0:72:Infinity":8}}}
,"/Users/apple/Documents/Project Eybuckz/Eyebucks/components/Layout.tsx": {"path":"/Users/apple/Documents/Project Eybuckz/Eyebucks/components/Layout.tsx","statementMap":{"0":{"start":{"line":12,"column":63},"end":{"line":297,"column":null}},"1":{"start":{"line":13,"column":34},"end":{"line":13,"column":null}},"2":{"start":{"line":14,"column":30},"end":{"line":14,"column":null}},"3":{"start":{"line":15,"column":30},"end":{"line":15,"column":null}},"4":{"start":{"line":16,"column":8},"end":{"line":16,"column":null}},"5":{"start":{"line":19,"column":2},"end":{"line":21,"column":null}},"6":{"start":{"line":20,"column":4},"end":{"line":20,"column":null}},"7":{"start":{"line":24,"column":2},"end":{"line":30,"column":null}},"8":{"start":{"line":25,"column":4},"end":{"line":29,"column":null}},"9":{"start":{"line":26,"column":6},"end":{"line":26,"column":null}},"10":{"start":{"line":28,"column":6},"end":{"line":28,"column":null}},"11":{"start":{"line":32,"column":22},"end":{"line":35,"column":null}},"12":{"start":{"line":33,"column":4},"end":{"line":33,"column":null}},"13":{"start":{"line":34,"column":4},"end":{"line":34,"column":null}},"14":{"start":{"line":37,"column":18},"end":{"line":37,"column":null}},"15":{"start":{"line":39,"column":2},"end":{"line":295,"column":null}},"16":{"start":{"line":124,"column":31},"end":{"line":124,"column":null}}},"fnMap":{"0":{"name":"(anonymous_0)","decl":{"start":{"line":12,"column":63},"end":{"line":12,"column":64}},"loc":{"start":{"line":12,"column":81},"end":{"line":297,"column":null}},"line":12},"1":{"name":"(anonymous_1)","decl":{"start":{"line":19,"column":12},"end":{"line":19,"column":18}},"loc":{"start":{"line":19,"column":18},"end":{"line":21,"column":5}},"line":19},"2":{"name":"(anonymous_2)","decl":{"start":{"line":24,"column":12},"end":{"line":24,"column":18}},"loc":{"start":{"line":24,"column":18},"end":{"line":30,"column":5}},"line":24},"3":{"name":"(anonymous_3)","decl":{"start":{"line":32,"column":22},"end":{"line":32,"column":34}},"loc":{"start":{"line":32,"column":34},"end":{"line":35,"column":null}},"line":32},"4":{"name":"(anonymous_4)","decl":{"start":{"line":124,"column":25},"end":{"line":124,"column":31}},"loc":{"start":{"line":124,"column":31},"end":{"line":124,"column":null}},"line":124}},"branchMap":{"0":{"loc":{"start":{"line":25,"column":4},"end":{"line":29,"column":null}},"type":"if","locations":[{"start":{"line":25,"column":4},"end":{"line":29,"column":null}},{"start":{"line":27,"column":11},"end":{"line":29,"column":null}}],"line":25},"1":{"loc":{"start":{"line":57,"column":19},"end":{"line":58,"column":null}},"type":"binary-expr","locations":[{"start":{"line":57,"column":19},"end":{"line":57,"column":null}},{"start":{"line":58,"column":20},"end":{"line":58,"column":null}}],"line":57},"2":{"loc":{"start":{"line":60,"column":19},"end":{"line":63,"column":null}},"type":"binary-expr","locations":[{"start":{"line":60,"column":19},"end":{"line":60,"column":null}},{"start":{"line":61,"column":20},"end":{"line":63,"column":null}}],"line":60},"3":{"loc":{"start":{"line":72,"column":17},"end":{"line":116,"column":null}},"type":"cond-expr","locations":[{"start":{"line":73,"column":18},"end":{"line":98,"column":null}},{"start":{"line":100,"column":18},"end":{"line":116,"column":null}}],"line":72},"4":{"loc":{"start":{"line":77,"column":34},"end":{"line":77,"column":null}},"type":"cond-expr","locations":[{"start":{"line":77,"column":43},"end":{"line":77,"column":68}},{"start":{"line":77,"column":68},"end":{"line":77,"column":null}}],"line":77},"5":{"loc":{"start":{"line":78,"column":29},"end":{"line":78,"column":null}},"type":"cond-expr","locations":[{"start":{"line":78,"column":38},"end":{"line":78,"column":63}},{"start":{"line":78,"column":63},"end":{"line":78,"column":null}}],"line":78},"6":{"loc":{"start":{"line":80,"column":23},"end":{"line":80,"column":null}},"type":"cond-expr","locations":[{"start":{"line":80,"column":32},"end":{"line":80,"column":71}},{"start":{"line":80,"column":71},"end":{"line":80,"column":null}}],"line":80},"7":{"loc":{"start":{"line":104,"column":34},"end":{"line":104,"column":null}},"type":"cond-expr","locations":[{"start":{"line":104,"column":43},"end":{"line":104,"column":68}},{"start":{"line":104,"column":68},"end":{"line":104,"column":null}}],"line":104},"8":{"loc":{"start":{"line":105,"column":29},"end":{"line":105,"column":null}},"type":"cond-expr","locations":[{"start":{"line":105,"column":38},"end":{"line":105,"column":63}},{"start":{"line":105,"column":63},"end":{"line":105,"column":null}}],"line":105},"9":{"loc":{"start":{"line":107,"column":23},"end":{"line":107,"column":null}},"type":"cond-expr","locations":[{"start":{"line":107,"column":32},"end":{"line":107,"column":71}},{"start":{"line":107,"column":71},"end":{"line":107,"column":null}}],"line":107},"10":{"loc":{"start":{"line":127,"column":28},"end":{"line":127,"column":null}},"type":"cond-expr","locations":[{"start":{"line":127,"column":41},"end":{"line":127,"column":56}},{"start":{"line":127,"column":56},"end":{"line":127,"column":null}}],"line":127},"11":{"loc":{"start":{"line":129,"column":17},"end":{"line":129,"column":null}},"type":"cond-expr","locations":[{"start":{"line":129,"column":30},"end":{"line":129,"column":67}},{"start":{"line":129,"column":67},"end":{"line":129,"column":null}}],"line":129},"12":{"loc":{"start":{"line":136,"column":9},"end":{"line":220,"column":null}},"type":"binary-expr","locations":[{"start":{"line":136,"column":9},"end":{"line":136,"column":null}},{"start":{"line":137,"column":10},"end":{"line":220,"column":null}}],"line":136},"13":{"loc":{"start":{"line":159,"column":17},"end":{"line":169,"column":null}},"type":"binary-expr","locations":[{"start":{"line":159,"column":17},"end":{"line":159,"column":null}},{"start":{"line":160,"column":18},"end":{"line":169,"column":null}}],"line":159},"14":{"loc":{"start":{"line":172,"column":17},"end":{"line":176,"column":null}},"type":"binary-expr","locations":[{"start":{"line":172,"column":17},"end":{"line":172,"column":null}},{"start":{"line":173,"column":18},"end":{"line":176,"column":null}}],"line":172},"15":{"loc":{"start":{"line":185,"column":30},"end":{"line":185,"column":null}},"type":"cond-expr","locations":[{"start":{"line":185,"column":39},"end":{"line":185,"column":64}},{"start":{"line":185,"column":64},"end":{"line":185,"column":null}}],"line":185},"16":{"loc":{"start":{"line":188,"column":21},"end":{"line":188,"column":null}},"type":"cond-expr","locations":[{"start":{"line":188,"column":30},"end":{"line":188,"column":69}},{"start":{"line":188,"column":69},"end":{"line":188,"column":null}}],"line":188},"17":{"loc":{"start":{"line":189,"column":21},"end":{"line":189,"column":null}},"type":"cond-expr","locations":[{"start":{"line":189,"column":30},"end":{"line":189,"column":45}},{"start":{"line":189,"column":45},"end":{"line":189,"column":null}}],"line":189},"18":{"loc":{"start":{"line":193,"column":17},"end":{"line":217,"column":null}},"type":"cond-expr","locations":[{"start":{"line":194,"column":19},"end":{"line":210,"column":null}},{"start":{"line":212,"column":19},"end":{"line":217,"column":null}}],"line":193}},"s":{"0":6,"1":5,"2":5,"3":5,"4":5,"5":5,"6":5,"7":5,"8":5,"9":0,"10":5,"11":5,"12":0,"13":0,"14":5,"15":5,"16":0},"f":{"0":5,"1":5,"2":5,"3":0,"4":0},"b":{"0":[0,5],"1":[5,2],"2":[5,1],"3":[2,3],"4":[2,0],"5":[2,0],"6":[2,0],"7":[3,0],"8":[3,0],"9":[3,0],"10":[0,5],"11":[0,5],"12":[5,0],"13":[0,0],"14":[0,0],"15":[0,0],"16":[0,0],"17":[0,0],"18":[0,0]},"meta":{"lastBranch":19,"lastFunction":5,"lastStatement":17,"seen":{"s:12:63:297:Infinity":0,"f:12:63:12:64":0,"s:13:34:13:Infinity":1,"s:14:30:14:Infinity":2,"s:15:30:15:Infinity":3,"s:16:8:16:Infinity":4,"s:19:2:21:Infinity":5,"f:19:12:19:18":1,"s:20:4:20:Infinity":6,"s:24:2:30:Infinity":7,"f:24:12:24:18":2,"b:25:4:29:Infinity:27:11:29:Infinity":0,"s:25:4:29:Infinity":8,"s:26:6:26:Infinity":9,"s:28:6:28:Infinity":10,"s:32:22:35:Infinity":11,"f:32:22:32:34":3,"s:33:4:33:Infinity":12,"s:34:4:34:Infinity":13,"s:37:18:37:Infinity":14,"s:39:2:295:Infinity":15,"b:57:19:57:Infinity:58:20:58:Infinity":1,"b:60:19:60:Infinity:61:20:63:Infinity":2,"b:73:18:98:Infinity:100:18:116:Infinity":3,"b:77:43:77:68:77:68:77:Infinity":4,"b:78:38:78:63:78:63:78:Infinity":5,"b:80:32:80:71:80:71:80:Infinity":6,"b:104:43:104:68:104:68:104:Infinity":7,"b:105:38:105:63:105:63:105:Infinity":8,"b:107:32:107:71:107:71:107:Infinity":9,"f:124:25:124:31":4,"s:124:31:124:Infinity":16,"b:127:41:127:56:127:56:127:Infinity":10,"b:129:30:129:67:129:67:129:Infinity":11,"b:136:9:136:Infinity:137:10:220:Infinity":12,"b:159:17:159:Infinity:160:18:169:Infinity":13,"b:172:17:172:Infinity:173:18:176:Infinity":14,"b:185:39:185:64:185:64:185:Infinity":15,"b:188:30:188:69:188:69:188:Infinity":16,"b:189:30:189:45:189:45:189:Infinity":17,"b:194:19:210:Infinity:212:19:217:Infinity":18}}}
,"/Users/apple/Documents/Project Eybuckz/Eyebucks/components/MobileBottomNav.tsx": {"path":"/Users/apple/Documents/Project Eybuckz/Eyebucks/components/MobileBottomNav.tsx","statementMap":{"0":{"start":{"line":6,"column":34},"end":{"line":123,"column":null}},"1":{"start":{"line":7,"column":8},"end":{"line":7,"column":null}},"2":{"start":{"line":8,"column":8},"end":{"line":8,"column":null}},"3":{"start":{"line":9,"column":15},"end":{"line":9,"column":null}},"4":{"start":{"line":11,"column":15},"end":{"line":11,"column":null}},"5":{"start":{"line":14,"column":2},"end":{"line":16,"column":null}},"6":{"start":{"line":15,"column":4},"end":{"line":15,"column":null}},"7":{"start":{"line":18,"column":19},"end":{"line":21,"column":null}},"8":{"start":{"line":19,"column":4},"end":{"line":19,"column":null}},"9":{"start":{"line":19,"column":25},"end":{"line":19,"column":45}},"10":{"start":{"line":20,"column":4},"end":{"line":20,"column":null}},"11":{"start":{"line":23,"column":20},"end":{"line":29,"column":null}},"12":{"start":{"line":24,"column":4},"end":{"line":28,"column":null}},"13":{"start":{"line":25,"column":6},"end":{"line":25,"column":null}},"14":{"start":{"line":27,"column":6},"end":{"line":27,"column":null}},"15":{"start":{"line":31,"column":15},"end":{"line":37,"column":null}},"16":{"start":{"line":39,"column":25},"end":{"line":53,"column":null}},"17":{"start":{"line":40,"column":4},"end":{"line":43,"column":null}},"18":{"start":{"line":41,"column":6},"end":{"line":41,"column":null}},"19":{"start":{"line":42,"column":6},"end":{"line":42,"column":null}},"20":{"start":{"line":44,"column":4},"end":{"line":51,"column":null}},"21":{"start":{"line":45,"column":6},"end":{"line":49,"column":null}},"22":{"start":{"line":46,"column":8},"end":{"line":46,"column":null}},"23":{"start":{"line":48,"column":8},"end":{"line":48,"column":null}},"24":{"start":{"line":50,"column":6},"end":{"line":50,"column":null}},"25":{"start":{"line":52,"column":4},"end":{"line":52,"column":null}},"26":{"start":{"line":55,"column":2},"end":{"line":121,"column":null}},"27":{"start":{"line":64,"column":27},"end":{"line":66,"column":null}},"28":{"start":{"line":68,"column":12},"end":{"line":95,"column":null}},"29":{"start":{"line":69,"column":14},"end":{"line":93,"column":null}},"30":{"start":{"line":72,"column":33},"end":{"line":72,"column":null}},"31":{"start":{"line":97,"column":12},"end":{"line":116,"column":null}},"32":{"start":{"line":100,"column":31},"end":{"line":100,"column":null}},"33":{"start":{"line":125,"column":44},"end":{"line":160,"column":null}},"34":{"start":{"line":126,"column":16},"end":{"line":126,"column":null}},"35":{"start":{"line":128,"column":2},"end":{"line":159,"column":null}},"36":{"start":{"line":130,"column":6},"end":{"line":134,"column":null}},"37":{"start":{"line":137,"column":6},"end":{"line":141,"column":null}},"38":{"start":{"line":144,"column":6},"end":{"line":148,"column":null}},"39":{"start":{"line":151,"column":6},"end":{"line":155,"column":null}},"40":{"start":{"line":158,"column":6},"end":{"line":158,"column":null}}},"fnMap":{"0":{"name":"(anonymous_0)","decl":{"start":{"line":6,"column":34},"end":{"line":6,"column":40}},"loc":{"start":{"line":6,"column":40},"end":{"line":123,"column":null}},"line":6},"1":{"name":"(anonymous_1)","decl":{"start":{"line":18,"column":19},"end":{"line":18,"column":20}},"loc":{"start":{"line":18,"column":38},"end":{"line":21,"column":null}},"line":18},"2":{"name":"(anonymous_2)","decl":{"start":{"line":23,"column":20},"end":{"line":23,"column":21}},"loc":{"start":{"line":23,"column":62},"end":{"line":29,"column":null}},"line":23},"3":{"name":"(anonymous_3)","decl":{"start":{"line":39,"column":25},"end":{"line":39,"column":26}},"loc":{"start":{"line":39,"column":55},"end":{"line":53,"column":null}},"line":39},"4":{"name":"(anonymous_4)","decl":{"start":{"line":63,"column":20},"end":{"line":63,"column":21}},"loc":{"start":{"line":63,"column":29},"end":{"line":118,"column":11}},"line":63},"5":{"name":"(anonymous_5)","decl":{"start":{"line":72,"column":27},"end":{"line":72,"column":33}},"loc":{"start":{"line":72,"column":33},"end":{"line":72,"column":null}},"line":72},"6":{"name":"(anonymous_6)","decl":{"start":{"line":100,"column":25},"end":{"line":100,"column":31}},"loc":{"start":{"line":100,"column":31},"end":{"line":100,"column":null}},"line":100},"7":{"name":"(anonymous_7)","decl":{"start":{"line":125,"column":44},"end":{"line":125,"column":45}},"loc":{"start":{"line":125,"column":58},"end":{"line":160,"column":null}},"line":125}},"branchMap":{"0":{"loc":{"start":{"line":14,"column":2},"end":{"line":16,"column":null}},"type":"if","locations":[{"start":{"line":14,"column":2},"end":{"line":16,"column":null}},{"start":{},"end":{}}],"line":14},"1":{"loc":{"start":{"line":14,"column":6},"end":{"line":14,"column":91}},"type":"binary-expr","locations":[{"start":{"line":14,"column":6},"end":{"line":14,"column":35}},{"start":{"line":14,"column":35},"end":{"line":14,"column":64}},{"start":{"line":14,"column":64},"end":{"line":14,"column":91}}],"line":14},"2":{"loc":{"start":{"line":19,"column":4},"end":{"line":19,"column":null}},"type":"if","locations":[{"start":{"line":19,"column":4},"end":{"line":19,"column":null}},{"start":{},"end":{}}],"line":19},"3":{"loc":{"start":{"line":24,"column":4},"end":{"line":28,"column":null}},"type":"if","locations":[{"start":{"line":24,"column":4},"end":{"line":28,"column":null}},{"start":{"line":26,"column":11},"end":{"line":28,"column":null}}],"line":24},"4":{"loc":{"start":{"line":24,"column":8},"end":{"line":24,"column":31}},"type":"binary-expr","locations":[{"start":{"line":24,"column":8},"end":{"line":24,"column":24}},{"start":{"line":24,"column":24},"end":{"line":24,"column":31}}],"line":24},"5":{"loc":{"start":{"line":40,"column":4},"end":{"line":43,"column":null}},"type":"if","locations":[{"start":{"line":40,"column":4},"end":{"line":43,"column":null}},{"start":{},"end":{}}],"line":40},"6":{"loc":{"start":{"line":40,"column":8},"end":{"line":40,"column":27}},"type":"binary-expr","locations":[{"start":{"line":40,"column":8},"end":{"line":40,"column":20}},{"start":{"line":40,"column":20},"end":{"line":40,"column":27}}],"line":40},"7":{"loc":{"start":{"line":44,"column":4},"end":{"line":51,"column":null}},"type":"if","locations":[{"start":{"line":44,"column":4},"end":{"line":51,"column":null}},{"start":{},"end":{}}],"line":44},"8":{"loc":{"start":{"line":45,"column":6},"end":{"line":49,"column":null}},"type":"if","locations":[{"start":{"line":45,"column":6},"end":{"line":49,"column":null}},{"start":{"line":47,"column":13},"end":{"line":49,"column":null}}],"line":45},"9":{"loc":{"start":{"line":64,"column":27},"end":{"line":66,"column":null}},"type":"cond-expr","locations":[{"start":{"line":65,"column":16},"end":{"line":65,"column":null}},{"start":{"line":66,"column":16},"end":{"line":66,"column":null}}],"line":64},"10":{"loc":{"start":{"line":68,"column":12},"end":{"line":95,"column":null}},"type":"if","locations":[{"start":{"line":68,"column":12},"end":{"line":95,"column":null}},{"start":{},"end":{}}],"line":68},"11":{"loc":{"start":{"line":75,"column":32},"end":{"line":75,"column":null}},"type":"cond-expr","locations":[{"start":{"line":75,"column":41},"end":{"line":75,"column":50}},{"start":{"line":75,"column":50},"end":{"line":75,"column":null}}],"line":75},"12":{"loc":{"start":{"line":79,"column":20},"end":{"line":81,"column":null}},"type":"cond-expr","locations":[{"start":{"line":80,"column":24},"end":{"line":80,"column":null}},{"start":{"line":81,"column":24},"end":{"line":81,"column":null}}],"line":79},"13":{"loc":{"start":{"line":83,"column":40},"end":{"line":83,"column":102}},"type":"cond-expr","locations":[{"start":{"line":83,"column":49},"end":{"line":83,"column":73}},{"start":{"line":83,"column":73},"end":{"line":83,"column":102}}],"line":83},"14":{"loc":{"start":{"line":90,"column":70},"end":{"line":90,"column":108}},"type":"cond-expr","locations":[{"start":{"line":90,"column":79},"end":{"line":90,"column":98}},{"start":{"line":90,"column":98},"end":{"line":90,"column":108}}],"line":90},"15":{"loc":{"start":{"line":103,"column":30},"end":{"line":103,"column":null}},"type":"cond-expr","locations":[{"start":{"line":103,"column":39},"end":{"line":103,"column":48}},{"start":{"line":103,"column":48},"end":{"line":103,"column":null}}],"line":103},"16":{"loc":{"start":{"line":105,"column":63},"end":{"line":105,"column":133}},"type":"cond-expr","locations":[{"start":{"line":105,"column":72},"end":{"line":105,"column":101}},{"start":{"line":105,"column":101},"end":{"line":105,"column":133}}],"line":105},"17":{"loc":{"start":{"line":106,"column":25},"end":{"line":106,"column":null}},"type":"cond-expr","locations":[{"start":{"line":106,"column":34},"end":{"line":106,"column":91}},{"start":{"line":106,"column":91},"end":{"line":106,"column":null}}],"line":106},"18":{"loc":{"start":{"line":110,"column":61},"end":{"line":110,"column":99}},"type":"cond-expr","locations":[{"start":{"line":110,"column":70},"end":{"line":110,"column":89}},{"start":{"line":110,"column":89},"end":{"line":110,"column":99}}],"line":110},"19":{"loc":{"start":{"line":113,"column":17},"end":{"line":114,"column":null}},"type":"binary-expr","locations":[{"start":{"line":113,"column":17},"end":{"line":113,"column":null}},{"start":{"line":114,"column":18},"end":{"line":114,"column":null}}],"line":113},"20":{"loc":{"start":{"line":128,"column":2},"end":{"line":159,"column":null}},"type":"switch","locations":[{"start":{"line":129,"column":4},"end":{"line":134,"column":null}},{"start":{"line":136,"column":4},"end":{"line":141,"column":null}},{"start":{"line":143,"column":4},"end":{"line":148,"column":null}},{"start":{"line":150,"column":4},"end":{"line":155,"column":null}},{"start":{"line":157,"column":4},"end":{"line":158,"column":null}}],"line":128}},"s":{"0":7,"1":9,"2":9,"3":9,"4":9,"5":9,"6":1,"7":8,"8":0,"9":0,"10":0,"11":8,"12":0,"13":0,"14":0,"15":8,"16":8,"17":2,"18":0,"19":0,"20":2,"21":0,"22":0,"23":0,"24":0,"25":2,"26":8,"27":40,"28":40,"29":8,"30":1,"31":32,"32":1,"33":7,"34":32,"35":32,"36":8,"37":8,"38":8,"39":8,"40":0},"f":{"0":9,"1":0,"2":0,"3":2,"4":40,"5":1,"6":1,"7":32},"b":{"0":[1,8],"1":[9,8,8],"2":[0,0],"3":[0,0],"4":[0,0],"5":[0,2],"6":[2,2],"7":[0,2],"8":[0,0],"9":[8,32],"10":[8,32],"11":[0,8],"12":[0,8],"13":[0,8],"14":[0,8],"15":[8,24],"16":[8,24],"17":[8,24],"18":[8,24],"19":[40,8],"20":[8,8,8,8,0]},"meta":{"lastBranch":21,"lastFunction":8,"lastStatement":41,"seen":{"s:6:34:123:Infinity":0,"f:6:34:6:40":0,"s:7:8:7:Infinity":1,"s:8:8:8:Infinity":2,"s:9:15:9:Infinity":3,"s:11:15:11:Infinity":4,"b:14:2:16:Infinity:undefined:undefined:undefined:undefined":0,"s:14:2:16:Infinity":5,"b:14:6:14:35:14:35:14:64:14:64:14:91":1,"s:15:4:15:Infinity":6,"s:18:19:21:Infinity":7,"f:18:19:18:20":1,"b:19:4:19:Infinity:undefined:undefined:undefined:undefined":2,"s:19:4:19:Infinity":8,"s:19:25:19:45":9,"s:20:4:20:Infinity":10,"s:23:20:29:Infinity":11,"f:23:20:23:21":2,"b:24:4:28:Infinity:26:11:28:Infinity":3,"s:24:4:28:Infinity":12,"b:24:8:24:24:24:24:24:31":4,"s:25:6:25:Infinity":13,"s:27:6:27:Infinity":14,"s:31:15:37:Infinity":15,"s:39:25:53:Infinity":16,"f:39:25:39:26":3,"b:40:4:43:Infinity:undefined:undefined:undefined:undefined":5,"s:40:4:43:Infinity":17,"b:40:8:40:20:40:20:40:27":6,"s:41:6:41:Infinity":18,"s:42:6:42:Infinity":19,"b:44:4:51:Infinity:undefined:undefined:undefined:undefined":7,"s:44:4:51:Infinity":20,"b:45:6:49:Infinity:47:13:49:Infinity":8,"s:45:6:49:Infinity":21,"s:46:8:46:Infinity":22,"s:48:8:48:Infinity":23,"s:50:6:50:Infinity":24,"s:52:4:52:Infinity":25,"s:55:2:121:Infinity":26,"f:63:20:63:21":4,"s:64:27:66:Infinity":27,"b:65:16:65:Infinity:66:16:66:Infinity":9,"b:68:12:95:Infinity:undefined:undefined:undefined:undefined":10,"s:68:12:95:Infinity":28,"s:69:14:93:Infinity":29,"f:72:27:72:33":5,"s:72:33:72:Infinity":30,"b:75:41:75:50:75:50:75:Infinity":11,"b:80:24:80:Infinity:81:24:81:Infinity":12,"b:83:49:83:73:83:73:83:102":13,"b:90:79:90:98:90:98:90:108":14,"s:97:12:116:Infinity":31,"f:100:25:100:31":6,"s:100:31:100:Infinity":32,"b:103:39:103:48:103:48:103:Infinity":15,"b:105:72:105:101:105:101:105:133":16,"b:106:34:106:91:106:91:106:Infinity":17,"b:110:70:110:89:110:89:110:99":18,"b:113:17:113:Infinity:114:18:114:Infinity":19,"s:125:44:160:Infinity":33,"f:125:44:125:45":7,"s:126:16:126:Infinity":34,"b:129:4:134:Infinity:136:4:141:Infinity:143:4:148:Infinity:150:4:155:Infinity:157:4:158:Infinity":20,"s:128:2:159:Infinity":35,"s:130:6:134:Infinity":36,"s:137:6:141:Infinity":37,"s:144:6:148:Infinity":38,"s:151:6:155:Infinity":39,"s:158:6:158:Infinity":40}}}
,"/Users/apple/Documents/Project Eybuckz/Eyebucks/components/NotificationBell.tsx": {"path":"/Users/apple/Documents/Project Eybuckz/Eyebucks/components/NotificationBell.tsx","statementMap":{"0":{"start":{"line":9,"column":49},"end":{"line":14,"column":null}},"1":{"start":{"line":17,"column":18},"end":{"line":17,"column":null}},"2":{"start":{"line":18,"column":2},"end":{"line":18,"column":null}},"3":{"start":{"line":18,"column":21},"end":{"line":18,"column":39}},"4":{"start":{"line":19,"column":18},"end":{"line":19,"column":null}},"5":{"start":{"line":20,"column":2},"end":{"line":20,"column":null}},"6":{"start":{"line":20,"column":21},"end":{"line":20,"column":46}},"7":{"start":{"line":21,"column":16},"end":{"line":21,"column":null}},"8":{"start":{"line":22,"column":2},"end":{"line":22,"column":null}},"9":{"start":{"line":22,"column":19},"end":{"line":22,"column":42}},"10":{"start":{"line":23,"column":15},"end":{"line":23,"column":null}},"11":{"start":{"line":24,"column":2},"end":{"line":24,"column":null}},"12":{"start":{"line":39,"column":42},"end":{"line":154,"column":null}},"13":{"start":{"line":40,"column":26},"end":{"line":40,"column":null}},"14":{"start":{"line":41,"column":8},"end":{"line":41,"column":null}},"15":{"start":{"line":42,"column":8},"end":{"line":42,"column":null}},"16":{"start":{"line":43,"column":75},"end":{"line":43,"column":null}},"17":{"start":{"line":46,"column":2},"end":{"line":54,"column":null}},"18":{"start":{"line":47,"column":31},"end":{"line":51,"column":null}},"19":{"start":{"line":48,"column":6},"end":{"line":50,"column":null}},"20":{"start":{"line":49,"column":8},"end":{"line":49,"column":null}},"21":{"start":{"line":52,"column":4},"end":{"line":52,"column":null}},"22":{"start":{"line":52,"column":17},"end":{"line":52,"column":76}},"23":{"start":{"line":53,"column":4},"end":{"line":53,"column":null}},"24":{"start":{"line":53,"column":17},"end":{"line":53,"column":null}},"25":{"start":{"line":56,"column":34},"end":{"line":64,"column":null}},"26":{"start":{"line":57,"column":4},"end":{"line":59,"column":null}},"27":{"start":{"line":58,"column":6},"end":{"line":58,"column":null}},"28":{"start":{"line":60,"column":4},"end":{"line":62,"column":null}},"29":{"start":{"line":61,"column":6},"end":{"line":61,"column":null}},"30":{"start":{"line":63,"column":4},"end":{"line":63,"column":null}},"31":{"start":{"line":66,"column":2},"end":{"line":152,"column":null}},"32":{"start":{"line":69,"column":23},"end":{"line":69,"column":null}},"33":{"start":{"line":89,"column":31},"end":{"line":89,"column":null}},"34":{"start":{"line":100,"column":16},"end":{"line":106,"column":null}},"35":{"start":{"line":114,"column":16},"end":{"line":136,"column":null}},"36":{"start":{"line":116,"column":33},"end":{"line":116,"column":null}},"37":{"start":{"line":143,"column":33},"end":{"line":143,"column":57}},"38":{"start":{"line":143,"column":57},"end":{"line":143,"column":75}}},"fnMap":{"0":{"name":"timeAgo","decl":{"start":{"line":16,"column":9},"end":{"line":16,"column":17}},"loc":{"start":{"line":16,"column":42},"end":{"line":25,"column":null}},"line":16},"1":{"name":"(anonymous_1)","decl":{"start":{"line":39,"column":42},"end":{"line":39,"column":48}},"loc":{"start":{"line":39,"column":48},"end":{"line":154,"column":null}},"line":39},"2":{"name":"(anonymous_2)","decl":{"start":{"line":46,"column":12},"end":{"line":46,"column":18}},"loc":{"start":{"line":46,"column":18},"end":{"line":54,"column":5}},"line":46},"3":{"name":"(anonymous_3)","decl":{"start":{"line":47,"column":31},"end":{"line":47,"column":32}},"loc":{"start":{"line":47,"column":50},"end":{"line":51,"column":null}},"line":47},"4":{"name":"(anonymous_4)","decl":{"start":{"line":53,"column":11},"end":{"line":53,"column":17}},"loc":{"start":{"line":53,"column":17},"end":{"line":53,"column":null}},"line":53},"5":{"name":"(anonymous_5)","decl":{"start":{"line":56,"column":34},"end":{"line":56,"column":35}},"loc":{"start":{"line":56,"column":66},"end":{"line":64,"column":null}},"line":56},"6":{"name":"(anonymous_6)","decl":{"start":{"line":69,"column":17},"end":{"line":69,"column":23}},"loc":{"start":{"line":69,"column":23},"end":{"line":69,"column":null}},"line":69},"7":{"name":"(anonymous_7)","decl":{"start":{"line":89,"column":25},"end":{"line":89,"column":31}},"loc":{"start":{"line":89,"column":31},"end":{"line":89,"column":null}},"line":89},"8":{"name":"(anonymous_8)","decl":{"start":{"line":99,"column":28},"end":{"line":99,"column":29}},"loc":{"start":{"line":100,"column":16},"end":{"line":106,"column":null}},"line":100},"9":{"name":"(anonymous_9)","decl":{"start":{"line":113,"column":45},"end":{"line":113,"column":46}},"loc":{"start":{"line":114,"column":16},"end":{"line":136,"column":null}},"line":114},"10":{"name":"(anonymous_10)","decl":{"start":{"line":116,"column":27},"end":{"line":116,"column":33}},"loc":{"start":{"line":116,"column":33},"end":{"line":116,"column":null}},"line":116},"11":{"name":"(anonymous_11)","decl":{"start":{"line":143,"column":25},"end":{"line":143,"column":31}},"loc":{"start":{"line":143,"column":31},"end":{"line":143,"column":null}},"line":143}},"branchMap":{"0":{"loc":{"start":{"line":18,"column":2},"end":{"line":18,"column":null}},"type":"if","locations":[{"start":{"line":18,"column":2},"end":{"line":18,"column":null}},{"start":{},"end":{}}],"line":18},"1":{"loc":{"start":{"line":20,"column":2},"end":{"line":20,"column":null}},"type":"if","locations":[{"start":{"line":20,"column":2},"end":{"line":20,"column":null}},{"start":{},"end":{}}],"line":20},"2":{"loc":{"start":{"line":22,"column":2},"end":{"line":22,"column":null}},"type":"if","locations":[{"start":{"line":22,"column":2},"end":{"line":22,"column":null}},{"start":{},"end":{}}],"line":22},"3":{"loc":{"start":{"line":48,"column":6},"end":{"line":50,"column":null}},"type":"if","locations":[{"start":{"line":48,"column":6},"end":{"line":50,"column":null}},{"start":{},"end":{}}],"line":48},"4":{"loc":{"start":{"line":48,"column":10},"end":{"line":48,"column":76}},"type":"binary-expr","locations":[{"start":{"line":48,"column":10},"end":{"line":48,"column":30}},{"start":{"line":48,"column":30},"end":{"line":48,"column":76}}],"line":48},"5":{"loc":{"start":{"line":52,"column":4},"end":{"line":52,"column":null}},"type":"if","locations":[{"start":{"line":52,"column":4},"end":{"line":52,"column":null}},{"start":
[...]
,"/Users/apple/Documents/Project Eybuckz/Eyebucks/services/api/wishlist.api.ts": {"path":"/Users/apple/Documents/Project Eybuckz/Eyebucks/services/api/wishlist.api.ts","statementMap":{"0":{"start":{"line":9,"column":27},"end":{"line":48,"column":null}},"1":{"start":{"line":11,"column":31},"end":{"line":11,"column":null}},"2":{"start":{"line":12,"column":4},"end":{"line":12,"column":null}},"3":{"start":{"line":12,"column":17},"end":{"line":12,"column":28}},"4":{"start":{"line":13,"column":28},"end":{"line":17,"column":null}},"5":{"start":{"line":19,"column":4},"end":{"line":19,"column":null}},"6":{"start":{"line":19,"column":17},"end":{"line":19,"column":67}},"7":{"start":{"line":20,"column":4},"end":{"line":24,"column":null}},"8":{"start":{"line":20,"column":34},"end":{"line":24,"column":6}},"9":{"start":{"line":28,"column":31},"end":{"line":28,"column":null}},"10":{"start":{"line":29,"column":4},"end":{"line":29,"column":null}},"11":{"start":{"line":29,"column":17},"end":{"line":29,"column":55}},"12":{"start":{"line":30,"column":22},"end":{"line":32,"column":null}},"13":{"start":{"line":34,"column":4},"end":{"line":34,"column":null}},"14":{"start":{"line":34,"column":43},"end":{"line":34,"column":93}},"15":{"start":{"line":38,"column":31},"end":{"line":38,"column":null}},"16":{"start":{"line":39,"column":4},"end":{"line":39,"column":null}},"17":{"start":{"line":39,"column":17},"end":{"line":39,"column":55}},"18":{"start":{"line":40,"column":22},"end":{"line":44,"column":null}},"19":{"start":{"line":46,"column":4},"end":{"line":46,"column":null}},"20":{"start":{"line":46,"column":17},"end":{"line":46,"column":67}}},"fnMap":{"0":{"name":"(anonymous_0)","decl":{"start":{"line":10,"column":8},"end":{"line":10,"column":41}},"loc":{"start":{"line":10,"column":41},"end":{"line":25,"column":null}},"line":10},"1":{"name":"(anonymous_1)","decl":{"start":{"line":20,"column":28},"end":{"line":20,"column":34}},"loc":{"start":{"line":20,"column":34},"end":{"line":24,"column":6}},"line":20},"2":{"name":"(anonymous_2)","decl":{"start":{"line":27,"column":8},"end":{"line":27,"column":12}},"loc":{"start":{"line":27,"column":45},"end":{"line":35,"column":null}},"line":27},"3":{"name":"(anonymous_3)","decl":{"start":{"line":37,"column":8},"end":{"line":37,"column":15}},"loc":{"start":{"line":37,"column":48},"end":{"line":47,"column":null}},"line":37}},"branchMap":{"0":{"loc":{"start":{"line":12,"column":4},"end":{"line":12,"column":null}},"type":"if","locations":[{"start":{"line":12,"column":4},"end":{"line":12,"column":null}},{"start":{},"end":{}}],"line":12},"1":{"loc":{"start":{"line":19,"column":4},"end":{"line":19,"column":null}},"type":"if","locations":[{"start":{"line":19,"column":4},"end":{"line":19,"column":null}},{"start":{},"end":{}}],"line":19},"2":{"loc":{"start":{"line":20,"column":12},"end":{"line":20,"column":24}},"type":"binary-expr","locations":[{"start":{"line":20,"column":12},"end":{"line":20,"column":20}},{"start":{"line":20,"column":20},"end":{"line":20,"column":24}}],"line":20},"3":{"loc":{"start":{"line":29,"column":4},"end":{"line":29,"column":null}},"type":"if","locations":[{"start":{"line":29,"column":4},"end":{"line":29,"column":null}},{"start":{},"end":{}}],"line":29},"4":{"loc":{"start":{"line":34,"column":4},"end":{"line":34,"column":null}},"type":"if","locations":[{"start":{"line":34,"column":4},"end":{"line":34,"column":null}},{"start":{},"end":{}}],"line":34},"5":{"loc":{"start":{"line":34,"column":8},"end":{"line":34,"column":41}},"type":"binary-expr","locations":[{"start":{"line":34,"column":8},"end":{"line":34,"column":17}},{"start":{"line":34,"column":17},"end":{"line":34,"column":41}}],"line":34},"6":{"loc":{"start":{"line":39,"column":4},"end":{"line":39,"column":null}},"type":"if","locations":[{"start":{"line":39,"column":4},"end":{"line":39,"column":null}},{"start":{},"end":{}}],"line":39},"7":{"loc":{"start":{"line":46,"column":4},"end":{"line":46,"column":null}},"type":"if","locations":[{"start":{"line":46,"column":4},"end":{"line":46,"column":null}},{"start":{},"end":{}}],"line":46}},"s":{"0":6,"1":3,"2":3,"3":1,"4":2,"5":2,"6":1,"7":1,"8":1,"9":4,"10":4,"11":1,"12":3,"13":3,"14":1,"15":2,"16":2,"17":1,"18":1,"19":1,"20":0},"f":{"0":3,"1":1,"2":4,"3":2},"b":{"0":[1,2],"1":[1,1],"2":[1,0],"3":[1,3],"4":[1,2],"5":[3,2],"6":[1,1],"7":[0,1]},"meta":{"lastBranch":8,"lastFunction":4,"lastStatement":21,"seen":{"s:9:27:48:Infinity":0,"f:10:8:10:41":0,"s:11:31:11:Infinity":1,"b:12:4:12:Infinity:undefined:undefined:undefined:undefined":0,"s:12:4:12:Infinity":2,"s:12:17:12:28":3,"s:13:28:17:Infinity":4,"b:19:4:19:Infinity:undefined:undefined:undefined:undefined":1,"s:19:4:19:Infinity":5,"s:19:17:19:67":6,"s:20:4:24:Infinity":7,"b:20:12:20:20:20:20:20:24":2,"f:20:28:20:34":1,"s:20:34:24:6":8,"f:27:8:27:12":2,"s:28:31:28:Infinity":9,"b:29:4:29:Infinity:undefined:undefined:undefined:undefined":3,"s:29:4:29:Infinity":10,"s:29:17:29:55":11,"s:30:22:32:Infinity":12,"b:34:4:34:Infinity:undefined:undefined:undefined:undefined":4,"s:34:4:34:Infinity":13,"b:34:8:34:17:34:17:34:41":5,"s:34:43:34:93":14,"f:37:8:37:15":3,"s:38:31:38:Infinity":15,"b:39:4:39:Infinity:undefined:undefined:undefined:undefined":6,"s:39:4:39:Infinity":16,"s:39:17:39:55":17,"s:40:22:44:Infinity":18,"b:46:4:46:Infinity:undefined:undefined:undefined:undefined":7,"s:46:4:46:Infinity":19,"s:46:17:46:67":20}}}
,"/Users/apple/Documents/Project Eybuckz/Eyebucks/types/index.ts": {"path":"/Users/apple/Documents/Project Eybuckz/Eyebucks/types/index.ts","statementMap":{"0":{"start":{"line":33,"column":26},"end":{"line":33,"column":null}}},"fnMap":{},"branchMap":{},"s":{"0":5},"f":{},"b":{},"meta":{"lastBranch":0,"lastFunction":0,"lastStatement":1,"seen":{"s:33:26:33:Infinity":0}}}
,"/Users/apple/Documents/Project Eybuckz/Eyebucks/utils/adminErrors.ts": {"path":"/Users/apple/Documents/Project Eybuckz/Eyebucks/utils/adminErrors.ts","statementMap":{"0":{"start":{"line":5,"column":63},"end":{"line":13,"column":null}},"1":{"start":{"line":16,"column":18},"end":{"line":16,"column":null}},"2":{"start":{"line":18,"column":2},"end":{"line":22,"column":null}},"3":{"start":{"line":19,"column":4},"end":{"line":21,"column":null}},"4":{"start":{"line":20,"column":6},"end":{"line":20,"column":null}},"5":{"start":{"line":24,"column":2},"end":{"line":24,"column":null}}},"fnMap":{"0":{"name":"translateAdminError","decl":{"start":{"line":15,"column":16},"end":{"line":15,"column":36}},"loc":{"start":{"line":15,"column":60},"end":{"line":25,"column":null}},"line":15}},"branchMap":{"0":{"loc":{"start":{"line":16,"column":18},"end":{"line":16,"column":null}},"type":"cond-expr","locations":[{"start":{"line":16,"column":43},"end":{"line":16,"column":59}},{"start":{"line":16,"column":59},"end":{"line":16,"column":null}}],"line":16},"1":{"loc":{"start":{"line":19,"column":4},"end":{"line":21,"column":null}},"type":"if","locations":[{"start":{"line":19,"column":4},"end":{"line":21,"column":null}},{"start":{},"end":{}}],"line":19},"2":{"loc":{"start":{"line":24,"column":9},"end":{"line":24,"column":null}},"type":"binary-expr","locations":[{"start":{"line":24,"column":9},"end":{"line":24,"column":20}},{"start":{"line":24,"column":20},"end":{"line":24,"column":null}}],"line":24}},"s":{"0":2,"1":10,"2":10,"3":49,"4":7,"5":3},"f":{"0":10},"b":{"0":[9,1],"1":[7,42],"2":[3,1]},"meta":{"lastBranch":3,"lastFunction":1,"lastStatement":6,"seen":{"s:5:63:13:Infinity":0,"f:15:16:15:36":0,"s:16:18:16:Infinity":1,"b:16:43:16:59:16:59:16:Infinity":0,"s:18:2:22:Infinity":2,"b:19:4:21:Infinity:undefined:undefined:undefined:undefined":1,"s:19:4:21:Infinity":3,"s:20:6:20:Infinity":4,"s:24:2:24:Infinity":5,"b:24:9:24:20:24:20:24:Infinity":2}}}
,"/Users/apple/Documents/Project Eybuckz/Eyebucks/utils/analytics.ts": {"path":"/Users/apple/Documents/Project Eybuckz/Eyebucks/utils/analytics.ts","statementMap":{"0":{"start":{"line":10,"column":2},"end":{"line":10,"column":null}},"1":{"start":{"line":13,"column":25},"end":{"line":48,"column":null}},"2":{"start":{"line":20,"column":4},"end":{"line":24,"column":null}},"3":{"start":{"line":21,"column":6},"end":{"line":21,"column":null}},"4":{"start":{"line":31,"column":4},"end":{"line":35,"column":null}},"5":{"start":{"line":32,"column":6},"end":{"line":32,"column":null}},"6":{"start":{"line":42,"column":4},"end":{"line":46,"column":null}},"7":{"start":{"line":43,"column":6},"end":{"line":43,"column":null}}},"fnMap":{"0":{"name":"getPostHog","decl":{"start":{"line":8,"column":9},"end":{"line":8,"column":22}},"loc":{"start":{"line":8,"column":22},"end":{"line":11,"column":null}},"line":8},"1":{"name":"(anonymous_1)","decl":{"start":{"line":19,"column":2},"end":{"line":19,"column":8}},"loc":{"start":{"line":19,"column":49},"end":{"line":25,"column":null}},"line":19},"2":{"name":"(anonymous_2)","decl":{"start":{"line":30,"column":2},"end":{"line":30,"column":11}},"loc":{"start":{"line":30,"column":54},"end":{"line":36,"column":null}},"line":30},"3":{"name":"(anonymous_3)","decl":{"start":{"line":41,"column":2},"end":{"line":41,"column":16}},"loc":{"start":{"line":41,"column":16},"end":{"line":47,"column":null}},"line":41}},"branchMap":{},"s":{"0":7,"1":4,"2":3,"3":3,"4":2,"5":2,"6":2,"7":2},"f":{"0":7,"1":3,"2":2,"3":2},"b":{},"meta":{"lastBranch":0,"lastFunction":4,"lastStatement":8,"seen":{"f:8:9:8:22":0,"s:10:2:10:Infinity":0,"s:13:25:48:Infinity":1,"f:19:2:19:8":1,"s:20:4:24:Infinity":2,"s:21:6:21:Infinity":3,"f:30:2:30:11":2,"s:31:4:35:Infinity":4,"s:32:6:32:Infinity":5,"f:41:2:41:16":3,"s:42:4:46:Infinity":6,"s:43:6:43:Infinity":7}}}
,"/Users/apple/Documents/Project Eybuckz/Eyebucks/utils/edgeFunctionError.ts": {"path":"/Users/apple/Documents/Project Eybuckz/Eyebucks/utils/edgeFunctionError.ts","statementMap":{"0":{"start":{"line":17,"column":14},"end":{"line":17,"column":null}},"1":{"start":{"line":18,"column":14},"end":{"line":18,"column":null}},"2":{"start":{"line":19,"column":2},"end":{"line":19,"column":null}},"3":{"start":{"line":19,"column":54},"end":{"line":19,"column":66}},"4":{"start":{"line":21,"column":8},"end":{"line":21,"column":null}},"5":{"start":{"line":22,"column":2},"end":{"line":24,"column":null}},"6":{"start":{"line":23,"column":11},"end":{"line":23,"column":null}},"7":{"start":{"line":35,"column":2},"end":{"line":55,"column":null}},"8":{"start":{"line":36,"column":16},"end":{"line":36,"column":null}},"9":{"start":{"line":37,"column":16},"end":{"line":37,"column":null}},"10":{"start":{"line":38,"column":4},"end":{"line":47,"column":null}},"11":{"start":{"line":39,"column":20},"end":{"line":39,"column":null}},"12":{"start":{"line":40,"column":6},"end":{"line":46,"column":null}},"13":{"start":{"line":41,"column":21},"end":{"line":41,"column":null}},"14":{"start":{"line":42,"column":8},"end":{"line":42,"column":null}},"15":{"start":{"line":44,"column":21},"end":{"line":44,"column":null}},"16":{"start":{"line":45,"column":8},"end":{"line":45,"column":null}},"17":{"start":{"line":49,"column":4},"end":{"line":52,"column":null}},"18":{"start":{"line":50,"column":18},"end":{"line":50,"column":null}},"19":{"start":{"line":51,"column":6},"end":{"line":51,"column":null}},"20":{"start":{"line":56,"column":14},"end":{"line":56,"column":null}},"21":{"start":{"line":57,"column":2},"end":{"line":57,"column":null}}},"fnMap":{"0":{"name":"isEdgeFnAuthError","decl":{"start":{"line":16,"column":16},"end":{"line":16,"column":34}},"loc":{"start":{"line":16,"column":61},"end":{"line":25,"column":null}},"line":16},"1":{"name":"(anonymous_1)","decl":{"start":{"line":23,"column":4},"end":{"line":23,"column":5}},"loc":{"start":{"line":23,"column":11},"end":{"line":23,"column":null}},"line":23},"2":{"name":"extractEdgeFnError","decl":{"start":{"line":31,"column":22},"end":{"line":31,"column":null}},"loc":{"start":{"line":34,"column":19},"end":{"line":58,"column":null}},"line":34}},"branchMap":{"0":{"loc":{"start":{"line":19,"column":2},"end":{"line":19,"column":null}},"type":"if","locations":[{"start":{"line":19,"column":2},"end":{"line":19,"column":null}},{"start":{},"end":{}}],"line":19},"1":{"loc":{"start":{"line":19,"column":6},"end":{"line":19,"column":53}},"type":"binary-expr","locations":[{"start":{"line":19,"column":6},"end":{"line":19,"column":33}},{"start":{"line":19,"column":33},"end":{"line":19,"column":53}}],"line":19},"2":{"loc":{"start":{"line":21,"column":15},"end":{"line":21,"column":35}},"type":"binary-expr","locations":[{"start":{"line":21,"column":15},"end":{"line":21,"column":31}},{"start":{"line":21,"column":31},"end":{"line":21,"column":35}}],"line":21},"3":{"loc":{"start":{"line":38,"column":4},"end":{"line":47,"column":null}},"type":"if","locations":[{"start":{"line":38,"column":4},"end":{"line":47,"column":null}},{"start":{},"end":{}}],"line":38},"4":{"loc":{"start":{"line":42,"column":15},"end":{"line":42,"column":null}},"type":"binary-expr","locations":[{"start":{"line":42,"column":15},"end":{"line":42,"column":30}},{"start":{"line":42,"column":30},"end":{"line":42,"column":47}},{"start":{"line":42,"column":47},"end":{"line":42,"column":60}},{"start":{"line":42,"column":60},"end":{"line":42,"column":null}}],"line":42},"5":{"loc":{"start":{"line":45,"column":15},"end":{"line":45,"column":null}},"type":"binary-expr","locations":[{"start":{"line":45,"column":15},"end":{"line":45,"column":23}},{"start":{"line":45,"column":23},"end":{"line":45,"column":null}}],"line":45},"6":{"loc":{"start":{"line":49,"column":4},"end":{"line":52,"column":null}},"type":"if","locations":[{"start":{"line":49,"column":4},"end":{"line":52,"column":null}},{"start":{},"end":{}}],"line":49},"7":{"loc":{"start":{"line":49,"column":8},"end":{"line":49,"column":40}},"type":"binary-expr","locations":[{"start":{"line":49,"column":8},"end":{"line":49,"column":15}},{"start":{"line":49,"column":15},"end":{"line":49,"column":40}}],"line":49},"8":{"loc":{"start":{"line":51,"column":13},"end":{"line":51,"column":null}},"type":"binary-expr","locations":[{"start":{"line":51,"column":13},"end":{"line":51,"column":26}},{"start":{"line":51,"column":26},"end":{"line":51,"column":41}},{"start":{"line":51,"column":41},"end":{"line":51,"column":52}},{"start":{"line":51,"column":52},"end":{"line":51,"column":null}}],"line":51},"9":{"loc":{"start":{"line":57,"column":9},"end":{"line":57,"column":null}},"type":"binary-expr","locations":[{"start":{"line":57,"column":9},"end":{"line":57,"column":25}},{"start":{"line":57,"column":25},"end":{"line":57,"column":null}}],"line":57}},"s":{"0":3,"1":3,"2":3,"3":2,"4":1,"5":3,"6":4,"7":3,"8":3,"9":3,"10":3,"11":1,"12":1,"13":1,"14":1,"15":0,"16":0,"17":2,"18":0,"19":0,"20":2,"21":2},"f":{"0":3,"1":4,"2":3},"b":{"0":[2,1],"1":[3,2],"2":[1,0],"3":[1,2],"4":[1,0,0,0],"5":[0,0],"6":[0,2],"7":[2,0],"8":[0,0,0,0],"9":[2,0]},"meta":{"lastBranch":10,"lastFunction":3,"lastStatement":22,"seen":{"f:16:16:16:34":0,"s:17:14:17:Infinity":0,"s:18:14:18:Infinity":1,"b:19:2:19:Infinity:undefined:undefined:undefined:undefined":0,"s:19:2:19:Infinity":2,"b:19:6:19:33:19:33:19:53":1,"s:19:54:19:66":3,"s:21:8:21:Infinity":4,"b:21:15:21:31:21:31:21:35":2,"s:22:2:24:Infinity":5,"f:23:4:23:5":1,"s:23:11:23:Infinity":6,"f:31:22:31:Infinity":2,"s:35:2:55:Infinity":7,"s:36:16:36:Infinity":8,"s:37:16:37:Infinity":9,"b:38:4:47:Infinity:undefined:undefined:undefined:undefined":3,"s:38:4:47:Infinity":10,"s:39:20:39:Infinity":11,"s:40:6:46:Infinity":12,"s:41:21:41:Infinity":13,"s:42:8:42:Infinity":14,"b:42:15:42:30:42:30:42:47:42:47:42:60:42:60:42:Infinity":4,"s:44:21:44:Infinity":15,"s:45:8:45:Infinity":16,"b:45:15:45:23:45:23:45:Infinity":5,"b:49:4:52:Infinity:undefined:undefined:undefined:undefined":6,"s:49:4:52:Infinity":17,"b:49:8:49:15:49:15:49:40":7,"s:50:18:50:Infinity":18,"s:51:6:51:Infinity":19,"b:51:13:51:26:51:26:51:41:51:41:51:52:51:52:51:Infinity":8,"s:56:14:56:Infinity":20,"s:57:2:57:Infinity":21,"b:57:9:57:25:57:25:57:Infinity":9}}}
,"/Users/apple/Documents/Project Eybuckz/Eyebucks/utils/logger.ts": {"path":"/Users/apple/Documents/Project Eybuckz/Eyebucks/utils/logger.ts","statementMap":{"0":{"start":{"line":5,"column":14},"end":{"line":5,"column":null}},"1":{"start":{"line":7,"column":22},"end":{"line":12,"column":null}},"2":{"start":{"line":8,"column":35},"end":{"line":8,"column":70}},"3":{"start":{"line":8,"column":47},"end":{"line":8,"column":68}},"4":{"start":{"line":9,"column":34},"end":{"line":9,"column":69}},"5":{"start":{"line":9,"column":46},"end":{"line":9,"column":67}},"6":{"start":{"line":10,"column":34},"end":{"line":10,"column":57}},"7":{"start":{"line":11,"column":35},"end":{"line":11,"column":59}}},"fnMap":{"0":{"name":"(anonymous_0)","decl":{"start":{"line":8,"column":9},"end":{"line":8,"column":13}},"loc":{"start":{"line":8,"column":33},"end":{"line":8,"column":null}},"line":8},"1":{"name":"(anonymous_1)","decl":{"start":{"line":9,"column":8},"end":{"line":9,"column":12}},"loc":{"start":{"line":9,"column":32},"end":{"line":9,"column":null}},"line":9},"2":{"name":"(anonymous_2)","decl":{"start":{"line":10,"column":8},"end":{"line":10,"column":12}},"loc":{"start":{"line":10,"column":32},"end":{"line":10,"column":null}},"line":10},"3":{"name":"(anonymous_3)","decl":{"start":{"line":11,"column":9},"end":{"line":11,"column":13}},"loc":{"start":{"line":11,"column":33},"end":{"line":11,"column":null}},"line":11}},"branchMap":{"0":{"loc":{"start":{"line":8,"column":35},"end":{"line":8,"column":70}},"type":"if","locations":[{"start":{"line":8,"column":35},"end":{"line":8,"column":70}},{"start":{},"end":{}}],"line":8},"1":{"loc":{"start":{"line":9,"column":34},"end":{"line":9,"column":69}},"type":"if","locations":[{"start":{"line":9,"column":34},"end":{"line":9,"column":69}},{"start":{},"end":{}}],"line":9}},"s":{"0":22,"1":22,"2":1,"3":1,"4":0,"5":0,"6":0,"7":27},"f":{"0":1,"1":0,"2":0,"3":27},"b":{"0":[1,0],"1":[0,0]},"meta":{"lastBranch":2,"lastFunction":4,"lastStatement":8,"seen":{"s:5:14:5:Infinity":0,"s:7:22:12:Infinity":1,"f:8:9:8:13":0,"b:8:35:8:70:undefined:undefined:undefined:undefined":0,"s:8:35:8:70":2,"s:8:47:8:68":3,"f:9:8:9:12":1,"b:9:34:9:69:undefined:undefined:undefined:undefined":1,"s:9:34:9:69":4,"s:9:46:9:67":5,"f:10:8:10:12":2,"s:10:34:10:57":6,"f:11:9:11:13":3,"s:11:35:11:59":7}}}
}
